[Tue Jul  5 01:05:54 2016] [START]>>
[Tue Jul  5 01:05:54 2016] [lidarThread] p : (nil)
[Tue Jul  5 01:05:54 2016] [lidarThread] p : (nil)
[Tue Jul  5 01:05:54 2016] [xsenThread] p : (nil)
[Tue Jul  5 01:05:54 2016] [lidar_read_2368_data]>>
[Tue Jul  5 01:05:54 2016] [lidar_read_2368_data]>>
[Tue Jul  5 01:05:54 2016] [readXsensData]>>
[Tue Jul  5 01:05:54 2016] [lidarDataProcessor]>>
[Tue Jul  5 01:05:54 2016] p : 0x7f5dadce5010, start : 0, len 8388608
[Tue Jul  5 01:05:54 2016] [lidarDataProcessor]<<
[Tue Jul  5 01:05:54 2016] [lidarDataProcessor]>>
[Tue Jul  5 01:05:54 2016] p : 0x7f5dad4e4010, start : 0, len 8388608
[Tue Jul  5 01:05:54 2016] [lidarDataProcessor]<<
[Tue Jul  5 01:05:54 2016] [lidar_read_2368_data]<<
[Tue Jul  5 01:05:54 2016] [lidar_read_2368_data]<<
[Tue Jul  5 01:05:54 2016] [xsens_wrapper_test] GO
[Tue Jul  5 01:05:54 2016] YES!!!!
[Tue Jul  5 01:05:54 2016] [xsensDataProcessor]>>
[Tue Jul  5 01:05:54 2016] pData->year : 0
[Tue Jul  5 01:05:54 2016] [xsensDataProcessor]<<
[Tue Jul  5 01:05:54 2016] [readXsensData]<<
[Tue Jul  5 01:05:54 2016] [xsenThread] p : (nil)
[Tue Jul  5 01:05:54 2016] [readXsensData]>>
[Tue Jul  5 01:05:54 2016] [xsenThread] p : (nil)
[Tue Jul  5 01:05:54 2016] [xsens_wrapper_test] GO
[Tue Jul  5 01:05:54 2016] [lidarThread] p : (nil)
[Tue Jul  5 01:05:54 2016] [readXsensData]>>
[Tue Jul  5 01:05:54 2016] [lidar_read_2368_data]>>
[Tue Jul  5 01:05:54 2016] YES!!!!
[Tue Jul  5 01:05:54 2016] [xsensDataProcessor]>>
[Tue Jul  5 01:05:54 2016] [lidarDataProcessor]>>
[Tue Jul  5 01:05:54 2016] p : 0x7f5d9c0008c0, start : 0, len 8388608
[Tue Jul  5 01:05:54 2016] [lidarDataProcessor]<<
[Tue Jul  5 01:05:54 2016] [lidar_read_2368_data]<<
[Tue Jul  5 01:05:54 2016] [xsens_wrapper_test] GO
[Tue Jul  5 01:05:54 2016] YES!!!!
[Tue Jul  5 01:05:54 2016] pData->year : 0
[Tue Jul  5 01:05:54 2016] [xsensDataProcessor]<<
[Tue Jul  5 01:05:54 2016] [readXsensData]<<
[Tue Jul  5 01:05:54 2016] [xsensDataProcessor]>>
[Tue Jul  5 01:05:54 2016] [lidarThread] p : (nil)
[Tue Jul  5 01:05:54 2016] [lidar_read_2368_data]>>
[Tue Jul  5 01:05:54 2016] [lidarThread] p : (nil)
[Tue Jul  5 01:05:54 2016] pData->year : 0
[Tue Jul  5 01:05:54 2016] [xsensDataProcessor]<<
[Tue Jul  5 01:05:54 2016] [readXsensData]<<
[Tue Jul  5 01:05:54 2016] [xsenThread] p : (nil)
[Tue Jul  5 01:05:54 2016] [lidarThread] p : (nil)
[Tue Jul  5 01:05:54 2016] [lidar_read_2368_data]>>
[Tue Jul  5 01:05:54 2016] [readXsensData]>>
[Tue Jul  5 01:05:54 2016] [xsenThread] p : (nil)
[Tue Jul  5 01:05:54 2016] [readXsensData]>>
[Tue Jul  5 01:05:54 2016] [xsens_wrapper_test] GO
[Tue Jul  5 01:05:54 2016] [xsens_wrapper_test] GO
[Tue Jul  5 01:05:54 2016] [lidar_read_2368_data]>>
[Tue Jul  5 01:05:54 2016] YES!!!!
[Tue Jul  5 01:05:54 2016] YES!!!!
[Tue Jul  5 01:05:54 2016] [xsensDataProcessor]>>
[Tue Jul  5 01:05:54 2016] pData->year : 0
[Tue Jul  5 01:05:54 2016] [xsensDataProcessor]>>
[Tue Jul  5 01:05:54 2016] [xsensDataProcessor]<<
[Tue Jul  5 01:05:54 2016] [readXsensData]<<
[Tue Jul  5 01:05:54 2016] pData->year : 0
[Tue Jul  5 01:05:54 2016] [xsensDataProcessor]<<
[Tue Jul  5 01:05:54 2016] [readXsensData]<<
[Tue Jul  5 01:05:54 2016] [lidarDataProcessor]>>
[Tue Jul  5 01:05:54 2016] p : 0x7f5da40008c0, start : 0, len 8388608
[Tue Jul  5 01:05:54 2016] [lidarDataProcessor]>>
[Tue Jul  5 01:05:54 2016] [lidarDataProcessor]>>
[Tue Jul  5 01:05:54 2016] p : 0x7f5d980008c0, start : 0, len 8388608
[Tue Jul  5 01:05:54 2016] [lidarDataProcessor]<<
[Tue Jul  5 01:05:54 2016] [lidarDataProcessor]<<
[Tue Jul  5 01:05:54 2016] p : 0x7f5d9c0008c0, start : 0, len 8388608
[Tue Jul  5 01:05:54 2016] [lidarDataProcessor]<<
[Tue Jul  5 01:05:54 2016] [lidarThread] p : (nil)
[Tue Jul  5 01:05:54 2016] [lidar_read_2368_data]<<
[Tue Jul  5 01:05:54 2016] [lidar_read_2368_data]<<
[Tue Jul  5 01:05:54 2016] [lidar_read_2368_data]<<
[Tue Jul  5 01:05:54 2016] [xsenThread] p : (nil)
[Tue Jul  5 01:05:54 2016] [readXsensData]>>
[Tue Jul  5 01:05:54 2016] [xsenThread] p : (nil)
[Tue Jul  5 01:05:54 2016] [readXsensData]>>
[Tue Jul  5 01:05:54 2016] [xsens_wrapper_test] GO
[Tue Jul  5 01:05:54 2016] YES!!!!
[Tue Jul  5 01:05:54 2016] [xsensDataProcessor]>>
[Tue Jul  5 01:05:54 2016] pData->year : 0
[Tue Jul  5 01:05:54 2016] [xsensDataProcessor]<<
[Tue Jul  5 01:05:54 2016] [readXsensData]<<
[Tue Jul  5 01:05:54 2016] [xsenThread] p : (nil)
[Tue Jul  5 01:05:54 2016] [lidar_read_2368_data]>>
[Tue Jul  5 01:05:54 2016] [xsens_wrapper_test] GO
[Tue Jul  5 01:05:54 2016] YES!!!!
[Tue Jul  5 01:05:54 2016] [xsensDataProcessor]>>
[Tue Jul  5 01:05:54 2016] pData->year : 0
[Tue Jul  5 01:05:54 2016] [xsensDataProcessor]<<
[Tue Jul  5 01:05:54 2016] [readXsensData]<<
[Tue Jul  5 01:05:54 2016] [readXsensData]>>
[Tue Jul  5 01:05:54 2016] [xsens_wrapper_test] GO
[Tue Jul  5 01:05:54 2016] YES!!!!
[Tue Jul  5 01:05:54 2016] [xsensDataProcessor]>>
[Tue Jul  5 01:05:54 2016] pData->year : 0
[Tue Jul  5 01:05:54 2016] [lidarThread] p : (nil)
[Tue Jul  5 01:05:54 2016] [xsensDataProcessor]<<
[Tue Jul  5 01:05:54 2016] [lidar_read_2368_data]>>
[Tue Jul  5 01:05:54 2016] [lidarDataProcessor]>>
[Tue Jul  5 01:05:54 2016] [readXsensData]<<
[Tue Jul  5 01:05:54 2016] p : 0x7f5d900008c0, start : 0, len 8388608
[Tue Jul  5 01:05:54 2016] [lidarDataProcessor]<<
[Tue Jul  5 01:05:54 2016] [lidarThread] p : (nil)
[Tue Jul  5 01:05:54 2016] [lidar_read_2368_data]>>
[Tue Jul  5 01:05:54 2016] [lidar_read_2368_data]<<
[Tue Jul  5 01:05:54 2016] [xsenThread] p : (nil)
[Tue Jul  5 01:05:54 2016] [readXsensData]>>
[Tue Jul  5 01:05:54 2016] [lidarThread] p : (nil)
[Tue Jul  5 01:05:54 2016] [lidar_read_2368_data]>>
[Tue Jul  5 01:05:54 2016] [lidarThread] p : (nil)
[Tue Jul  5 01:05:54 2016] [lidar_read_2368_data]>>
[Tue Jul  5 01:05:54 2016] [xsenThread] p : (nil)
[Tue Jul  5 01:05:54 2016] [readXsensData]>>
[Tue Jul  5 01:05:54 2016] [lidarThread] p : (nil)
[Tue Jul  5 01:05:54 2016] [lidar_read_2368_data]>>
[Tue Jul  5 01:05:54 2016] [xsenThread] p : (nil)
[Tue Jul  5 01:05:54 2016] [readXsensData]>>
[Tue Jul  5 01:05:54 2016] [xsens_wrapper_test] GO
[Tue Jul  5 01:05:54 2016] YES!!!!
[Tue Jul  5 01:05:54 2016] [xsensDataProcessor]>>
[Tue Jul  5 01:05:54 2016] pData->year : 0
[Tue Jul  5 01:05:54 2016] [xsensDataProcessor]<<
[Tue Jul  5 01:05:54 2016] [readXsensData]<<
[Tue Jul  5 01:05:54 2016] [xsens_wrapper_test] GO
[Tue Jul  5 01:05:54 2016] YES!!!!
[Tue Jul  5 01:05:54 2016] [xsensDataProcessor]>>
[Tue Jul  5 01:05:54 2016] pData->year : 0
[Tue Jul  5 01:05:54 2016] [xsensDataProcessor]<<
[Tue Jul  5 01:05:54 2016] [readXsensData]<<
[Tue Jul  5 01:05:54 2016] [lidarThread] p : (nil)
[Tue Jul  5 01:05:54 2016] [lidarDataProcessor]>>
[Tue Jul  5 01:05:54 2016] [xsens_wrapper_test] GO
[Tue Jul  5 01:05:54 2016] p : 0x7f5d800008c0, start : 0, len 8388608
[Tue Jul  5 01:05:54 2016] [lidarDataProcessor]>>
[Tue Jul  5 01:05:54 2016] p : 0x7f5d840008c0, start : 0, len 8388608
[Tue Jul  5 01:05:54 2016] [lidarDataProcessor]<<
[Tue Jul  5 01:05:54 2016] [lidarDataProcessor]<<
[Tue Jul  5 01:05:54 2016] YES!!!!
[Tue Jul  5 01:05:54 2016] [xsensDataProcessor]>>
[Tue Jul  5 01:05:54 2016] pData->year : 0
[Tue Jul  5 01:05:54 2016] [xsensDataProcessor]<<
[Tue Jul  5 01:05:54 2016] [readXsensData]<<
[Tue Jul  5 01:05:54 2016] [lidarThread] p : (nil)
[Tue Jul  5 01:05:54 2016] [xsenThread] p : (nil)
[Tue Jul  5 01:05:54 2016] [xsenThread] p : (nil)
[Tue Jul  5 01:05:54 2016] [readXsensData]>>
[Tue Jul  5 01:05:54 2016] [lidarThread] p : (nil)
[Tue Jul  5 01:05:54 2016] [lidar_read_2368_data]>>
[Tue Jul  5 01:05:54 2016] [readXsensData]>>
[Tue Jul  5 01:05:54 2016] [xsens_wrapper_test] GO
[Tue Jul  5 01:05:54 2016] YES!!!!
[Tue Jul  5 01:05:54 2016] [xsensDataProcessor]>>
[Tue Jul  5 01:05:54 2016] pData->year : 0
[Tue Jul  5 01:05:54 2016] [xsensDataProcessor]<<
[Tue Jul  5 01:05:54 2016] [readXsensData]<<
[Tue Jul  5 01:05:54 2016] [lidarThread] p : (nil)
[Tue Jul  5 01:05:54 2016] [lidar_read_2368_data]>>
[Tue Jul  5 01:05:54 2016] [xsenThread] p : (nil)
[Tue Jul  5 01:05:54 2016] [readXsensData]>>
[Tue Jul  5 01:05:54 2016] [lidarThread] p : (nil)
[Tue Jul  5 01:05:54 2016] [lidar_read_2368_data]>>
[Tue Jul  5 01:05:54 2016] [lidar_read_2368_data]>>
[Tue Jul  5 01:05:54 2016] [lidar_read_2368_data]>>
[Tue Jul  5 01:05:54 2016] [lidar_read_2368_data]<<
[Tue Jul  5 01:05:54 2016] [xsenThread] p : (nil)
[Tue Jul  5 01:05:54 2016] [xsenThread] p : (nil)
[Tue Jul  5 01:05:54 2016] [lidarThread] p : (nil)
[Tue Jul  5 01:05:54 2016] [lidar_read_2368_data]>>
[Tue Jul  5 01:05:54 2016] [readXsensData]>>
[Tue Jul  5 01:05:54 2016] [readXsensData]>>
[Tue Jul  5 01:05:54 2016] [lidar_read_2368_data]<<
[Tue Jul  5 01:05:54 2016] [lidarThread] p : (nil)
[Tue Jul  5 01:05:54 2016] [lidarThread] p : (nil)
[Tue Jul  5 01:05:54 2016] [xsenThread] p : (nil)
[Tue Jul  5 01:05:54 2016] [xsenThread] p : (nil)
[Tue Jul  5 01:05:54 2016] [lidarThread] p : (nil)
[Tue Jul  5 01:05:54 2016] [readXsensData]>>
[Tue Jul  5 01:05:54 2016] [lidarThread] p : (nil)
[Tue Jul  5 01:05:54 2016] [xsens_wrapper_test] GO
[Tue Jul  5 01:05:54 2016] [xsenThread] p : (nil)
[Tue Jul  5 01:05:54 2016] YES!!!!
[Tue Jul  5 01:05:54 2016] [lidar_read_2368_data]>>
[Tue Jul  5 01:05:54 2016] [xsensDataProcessor]>>
[Tue Jul  5 01:05:54 2016] [lidarDataProcessor]>>
[Tue Jul  5 01:05:54 2016] p : 0x7f5da40008c0, start : 0, len 8388608
[Tue Jul  5 01:05:54 2016] [lidarDataProcessor]<<
[Tue Jul  5 01:05:54 2016] pData->year : 0
[Tue Jul  5 01:05:54 2016] [xsensDataProcessor]<<
[Tue Jul  5 01:05:54 2016] [readXsensData]<<
[Tue Jul  5 01:05:54 2016] [lidarThread] p : (nil)
[Tue Jul  5 01:05:54 2016] [lidarThread] p : (nil)
[Tue Jul  5 01:05:54 2016] [lidarThread] p : (nil)
[Tue Jul  5 01:05:54 2016] [xsenThread] p : (nil)
[Tue Jul  5 01:05:54 2016] [lidarThread] p : (nil)
[Tue Jul  5 01:05:54 2016] [lidarThread] p : (nil)
[Tue Jul  5 01:05:54 2016] [xsenThread] p : (nil)
[Tue Jul  5 01:05:54 2016] [lidarDataProcessor]>>
[Tue Jul  5 01:05:54 2016] [lidarThread] p : (nil)
[Tue Jul  5 01:05:54 2016] p : 0x7f5d900008c0, start : 0, len 8388608
[Tue Jul  5 01:05:54 2016] [lidarDataProcessor]>>
[Tue Jul  5 01:05:54 2016] [lidarDataProcessor]<<
[Tue Jul  5 01:05:54 2016] [lidarThread] p : (nil)
[Tue Jul  5 01:05:54 2016] [xsenThread] p : (nil)
[Tue Jul  5 01:05:54 2016] [lidarThread] p : (nil)
[Tue Jul  5 01:05:54 2016] [lidarThread] p : (nil)
[Tue Jul  5 01:05:54 2016] [lidarThread] p : (nil)
[Tue Jul  5 01:05:54 2016] [xsenThread] p : (nil)
[Tue Jul  5 01:05:54 2016] [xsenThread] p : (nil)
[Tue Jul  5 01:05:54 2016] [lidarThread] p : (nil)
[Tue Jul  5 01:05:54 2016] [xsenThread] p : (nil)
[Tue Jul  5 01:05:54 2016] [xsenThread] p : (nil)
[Tue Jul  5 01:05:54 2016] [xsens_wrapper_test] GO
[Tue Jul  5 01:05:54 2016] [lidarDataProcessor]>>
[Tue Jul  5 01:05:54 2016] [lidar_read_2368_data]>>
[Tue Jul  5 01:05:54 2016] [lidarThread] p : (nil)
[Tue Jul  5 01:05:54 2016] [lidar_read_2368_data]<<
[Tue Jul  5 01:05:54 2016] [lidarDataProcessor]>>
[Tue Jul  5 01:05:54 2016] [xsenThread] p : (nil)
[Tue Jul  5 01:05:54 2016] [lidar_read_2368_data]>>
[Tue Jul  5 01:05:54 2016] [xsenThread] p : (nil)
[Tue Jul  5 01:05:54 2016] [xsenThread] p : (nil)
[Tue Jul  5 01:05:54 2016] [xsenThread] p : (nil)
[Tue Jul  5 01:05:54 2016] [lidar_read_2368_data]>>
[Tue Jul  5 01:05:54 2016] [lidar_read_2368_data]>>
[Tue Jul  5 01:05:54 2016] [lidarThread] p : (nil)
[Tue Jul  5 01:05:54 2016] [readXsensData]>>
[Tue Jul  5 01:05:54 2016] [xsenThread] p : (nil)
[Tue Jul  5 01:05:54 2016] [xsens_wrapper_test] GO
[Tue Jul  5 01:05:54 2016] YES!!!!
[Tue Jul  5 01:05:54 2016] [xsensDataProcessor]>>
[Tue Jul  5 01:05:54 2016] pData->year : 0
[Tue Jul  5 01:05:54 2016] [xsensDataProcessor]<<
[Tue Jul  5 01:05:54 2016] [lidarThread] p : (nil)
[Tue Jul  5 01:05:54 2016] [readXsensData]<<
[Tue Jul  5 01:05:54 2016] p : 0x7f5d980048e0, start : 0, len 8388608
[Tue Jul  5 01:05:54 2016] [lidarThread] p : (nil)
[Tue Jul  5 01:05:54 2016] [xsenThread] p : (nil)
[Tue Jul  5 01:05:54 2016] [xsenThread] p : (nil)
[Tue Jul  5 01:05:54 2016] [xsenThread] p : (nil)
[Tue Jul  5 01:05:54 2016] p : 0x7f5d2c0048e0, start : 0, len 8388608
[Tue Jul  5 01:05:54 2016] [xsenThread] p : (nil)
[Tue Jul  5 01:05:54 2016] [lidarThread] p : (nil)
[Tue Jul  5 01:05:54 2016] [xsenThread] p : (nil)
[Tue Jul  5 01:05:54 2016] [lidarThread] p : (nil)
[Tue Jul  5 01:05:54 2016] [lidarThread] p : (nil)
[Tue Jul  5 01:05:54 2016] [lidar_read_2368_data]>>
[Tue Jul  5 01:05:54 2016] p : 0x7f5d9c0008c0, start : 0, len 8388608
[Tue Jul  5 01:05:54 2016] [lidarDataProcessor]<<
[Tue Jul  5 01:05:54 2016] [lidar_read_2368_data]>>
[Tue Jul  5 01:05:54 2016] [lidarThread] p : (nil)
[Tue Jul  5 01:05:54 2016] [lidarDataProcessor]>>
[Tue Jul  5 01:05:54 2016] p : 0x7f5d880008c0, start : 0, len 8388608
[Tue Jul  5 01:05:54 2016] [xsenThread] p : (nil)
[Tue Jul  5 01:05:54 2016] [lidarDataProcessor]<<
[Tue Jul  5 01:05:54 2016] [xsens_wrapper_test] GO
[Tue Jul  5 01:05:54 2016] [readXsensData]>>
[Tue Jul  5 01:05:54 2016] [lidarDataProcessor]>>
[Tue Jul  5 01:05:54 2016] p : 0x7f5da00008c0, start : 0, len 8388608
[Tue Jul  5 01:05:54 2016] [xsenThread] p : (nil)
[Tue Jul  5 01:05:54 2016] [lidarDataProcessor]<<
[Tue Jul  5 01:05:54 2016] [lidarThread] p : (nil)
[Tue Jul  5 01:05:54 2016] [xsens_wrapper_test] GO
[Tue Jul  5 01:05:54 2016] YES!!!!
[Tue Jul  5 01:05:54 2016] [xsenThread] p : (nil)
[Tue Jul  5 01:05:54 2016] [xsenThread] p : (nil)
[Tue Jul  5 01:05:54 2016] [readXsensData]>>
[Tue Jul  5 01:05:54 2016] [xsenThread] p : (nil)
[Tue Jul  5 01:05:54 2016] [lidarThread] p : (nil)
[Tue Jul  5 01:05:54 2016] [xsens_wrapper_test] GO
[Tue Jul  5 01:05:54 2016] YES!!!!
[Tue Jul  5 01:05:54 2016] [xsensDataProcessor]>>
[Tue Jul  5 01:05:54 2016] pData->year : 0
[Tue Jul  5 01:05:54 2016] [xsensDataProcessor]<<
[Tue Jul  5 01:05:54 2016] [readXsensData]<<
[Tue Jul  5 01:05:54 2016] [lidar_read_2368_data]>>
[Tue Jul  5 01:05:54 2016] [lidar_read_2368_data]>>
[Tue Jul  5 01:05:54 2016] [lidar_read_2368_data]<<
[Tue Jul  5 01:05:54 2016] [lidarThread] p : (nil)
[Tue Jul  5 01:05:54 2016] [lidar_read_2368_data]>>
[Tue Jul  5 01:05:54 2016] [readXsensData]>>
[Tue Jul  5 01:05:54 2016] [xsensDataProcessor]>>
[Tue Jul  5 01:05:54 2016] pData->year : 0
[Tue Jul  5 01:05:54 2016] [xsensDataProcessor]<<
[Tue Jul  5 01:05:54 2016] [readXsensData]<<
[Tue Jul  5 01:05:54 2016] [xsenThread] p : (nil)
[Tue Jul  5 01:05:54 2016] [readXsensData]>>
[Tue Jul  5 01:05:54 2016] [xsens_wrapper_test] GO
[Tue Jul  5 01:05:54 2016] YES!!!!
[Tue Jul  5 01:05:54 2016] [xsensDataProcessor]>>
[Tue Jul  5 01:05:54 2016] pData->year : 0
[Tue Jul  5 01:05:54 2016] [xsensDataProcessor]<<
[Tue Jul  5 01:05:54 2016] [readXsensData]<<
[Tue Jul  5 01:05:54 2016] [xsens_wrapper_test] GO
[Tue Jul  5 01:05:54 2016] YES!!!!
[Tue Jul  5 01:05:54 2016] [xsensDataProcessor]>>
[Tue Jul  5 01:05:54 2016] pData->year : 0
[Tue Jul  5 01:05:54 2016] [xsensDataProcessor]<<
[Tue Jul  5 01:05:54 2016] [readXsensData]<<
[Tue Jul  5 01:05:54 2016] [xsenThread] p : (nil)
[Tue Jul  5 01:05:54 2016] [readXsensData]>>
[Tue Jul  5 01:05:54 2016] [xsens_wrapper_test] GO
[Tue Jul  5 01:05:54 2016] YES!!!!
[Tue Jul  5 01:05:54 2016] [xsensDataProcessor]>>
[Tue Jul  5 01:05:54 2016] pData->year : 0
[Tue Jul  5 01:05:54 2016] [xsensDataProcessor]<<
[Tue Jul  5 01:05:54 2016] [readXsensData]<<
[Tue Jul  5 01:05:54 2016] [xsenThread] p : (nil)
[Tue Jul  5 01:05:54 2016] [lidarDataProcessor]>>
[Tue Jul  5 01:05:54 2016] [lidarThread] p : (nil)
[Tue Jul  5 01:05:54 2016] [lidar_read_2368_data]>>
[Tue Jul  5 01:05:54 2016] [readXsensData]>>
[Tue Jul  5 01:05:54 2016] [readXsensData]>>
[Tue Jul  5 01:05:54 2016] [readXsensData]>>
[Tue Jul  5 01:05:54 2016] [lidar_read_2368_data]>>
[Tue Jul  5 01:05:54 2016] [lidar_read_2368_data]>>
[Tue Jul  5 01:05:54 2016] [readXsensData]>>
[Tue Jul  5 01:05:54 2016] [readXsensData]>>
[Tue Jul  5 01:05:54 2016] [readXsensData]>>
[Tue Jul  5 01:05:54 2016] [lidar_read_2368_data]>>
[Tue Jul  5 01:05:54 2016] [lidar_read_2368_data]>>
[Tue Jul  5 01:05:54 2016] [lidarDataProcessor]>>
[Tue Jul  5 01:05:54 2016] [readXsensData]>>
[Tue Jul  5 01:05:54 2016] [readXsensData]>>
[Tue Jul  5 01:05:54 2016] [readXsensData]>>
[Tue Jul  5 01:05:54 2016] [lidar_read_2368_data]>>
[Tue Jul  5 01:05:54 2016] [readXsensData]>>
[Tue Jul  5 01:05:54 2016] [xsens_wrapper_test] GO
[Tue Jul  5 01:05:54 2016] YES!!!!
[Tue Jul  5 01:05:54 2016] [xsensDataProcessor]>>
[Tue Jul  5 01:05:54 2016] YES!!!!
[Tue Jul  5 01:05:54 2016] [xsens_wrapper_test] GO
[Tue Jul  5 01:05:54 2016] [lidar_read_2368_data]>>
[Tue Jul  5 01:05:54 2016] [xsens_wrapper_test] GO
[Tue Jul  5 01:05:54 2016] YES!!!!
[Tue Jul  5 01:05:54 2016] [readXsensData]>>
[Tue Jul  5 01:05:54 2016] pData->year : 0
[Tue Jul  5 01:05:54 2016] [lidar_read_2368_data]>>
[Tue Jul  5 01:05:54 2016] [lidar_read_2368_data]>>
[Tue Jul  5 01:05:54 2016] [xsens_wrapper_test] GO
[Tue Jul  5 01:05:54 2016] [xsensDataProcessor]>>
[Tue Jul  5 01:05:54 2016] [lidar_read_2368_data]<<
[Tue Jul  5 01:05:54 2016] YES!!!!
[Tue Jul  5 01:05:54 2016] [xsensDataProcessor]<<
[Tue Jul  5 01:05:54 2016] [xsensDataProcessor]>>
[Tue Jul  5 01:05:54 2016] [lidar_read_2368_data]<<
[Tue Jul  5 01:05:54 2016] pData->year : 0
[Tue Jul  5 01:05:54 2016] [xsensDataProcessor]<<
[Tue Jul  5 01:05:54 2016] [xsens_wrapper_test] GO
[Tue Jul  5 01:05:54 2016] [readXsensData]>>
[Tue Jul  5 01:05:54 2016] YES!!!!
[Tue Jul  5 01:05:54 2016] [xsensDataProcessor]>>
[Tue Jul  5 01:05:54 2016] pData->year : 0
[Tue Jul  5 01:05:54 2016] [xsensDataProcessor]<<
[Tue Jul  5 01:05:54 2016] [readXsensData]<<
[Tue Jul  5 01:05:54 2016] [xsens_wrapper_test] GO
[Tue Jul  5 01:05:54 2016] YES!!!!
[Tue Jul  5 01:05:54 2016] [readXsensData]<<
[Tue Jul  5 01:05:54 2016] [lidar_read_2368_data]>>
[Tue Jul  5 01:05:54 2016] [lidar_read_2368_data]<<
[Tue Jul  5 01:05:54 2016] [xsens_wrapper_test] GO
[Tue Jul  5 01:05:54 2016] YES!!!!
[Tue Jul  5 01:05:54 2016] [xsensDataProcessor]>>
[Tue Jul  5 01:05:54 2016] pData->year : 0
[Tue Jul  5 01:05:54 2016] [xsensDataProcessor]<<
[Tue Jul  5 01:05:54 2016] [readXsensData]<<
[Tue Jul  5 01:05:54 2016] [xsens_wrapper_test] GO
[Tue Jul  5 01:05:54 2016] YES!!!!
[Tue Jul  5 01:05:54 2016] [xsensDataProcessor]>>
[Tue Jul  5 01:05:54 2016] pData->year : 0
[Tue Jul  5 01:05:54 2016] [xsensDataProcessor]<<
[Tue Jul  5 01:05:54 2016] [readXsensData]<<
[Tue Jul  5 01:05:54 2016] [readXsensData]>>
[Tue Jul  5 01:05:54 2016] [lidar_read_2368_data]>>
[Tue Jul  5 01:05:54 2016] [xsens_wrapper_test] GO
[Tue Jul  5 01:05:54 2016] YES!!!!
[Tue Jul  5 01:05:54 2016] [xsensDataProcessor]>>
[Tue Jul  5 01:05:54 2016] pData->year : 0
[Tue Jul  5 01:05:54 2016] [xsensDataProcessor]<<
[Tue Jul  5 01:05:54 2016] [readXsensData]<<
[Tue Jul  5 01:05:54 2016] [xsens_wrapper_test] GO
[Tue Jul  5 01:05:54 2016] [readXsensData]>>
[Tue Jul  5 01:05:54 2016] [xsens_wrapper_test] GO
[Tue Jul  5 01:05:54 2016] YES!!!!
[Tue Jul  5 01:05:54 2016] YES!!!!
[Tue Jul  5 01:05:54 2016] [xsens_wrapper_test] GO
[Tue Jul  5 01:05:54 2016] [xsens_wrapper_test] GO
[Tue Jul  5 01:05:54 2016] [lidar_read_2368_data]>>
[Tue Jul  5 01:05:54 2016] [xsensDataProcessor]>>
[Tue Jul  5 01:05:54 2016] [lidar_read_2368_data]>>
[Tue Jul  5 01:05:54 2016] [xsensDataProcessor]>>
[Tue Jul  5 01:05:54 2016] pData->year : 0
[Tue Jul  5 01:05:54 2016] [xsensDataProcessor]<<
[Tue Jul  5 01:05:54 2016] [readXsensData]<<
[Tue Jul  5 01:05:54 2016] [lidar_read_2368_data]>>
[Tue Jul  5 01:05:54 2016] [lidarThread] p : (nil)
[Tue Jul  5 01:05:54 2016] [readXsensData]>>
[Tue Jul  5 01:05:54 2016] [readXsensData]>>
[Tue Jul  5 01:05:54 2016] [lidar_read_2368_data]>>
[Tue Jul  5 01:05:54 2016] [xsens_wrapper_test] GO
[Tue Jul  5 01:05:54 2016] YES!!!!
[Tue Jul  5 01:05:54 2016] [xsensDataProcessor]>>
[Tue Jul  5 01:05:54 2016] [lidarDataProcessor]<<
[Tue Jul  5 01:05:54 2016] [xsens_wrapper_test] GO
[Tue Jul  5 01:05:54 2016] YES!!!!
[Tue Jul  5 01:05:54 2016] [lidarDataProcessor]>>
[Tue Jul  5 01:05:54 2016] [lidar_read_2368_data]>>
[Tue Jul  5 01:05:54 2016] [readXsensData]>>
[Tue Jul  5 01:05:54 2016] [xsensDataProcessor]>>
[Tue Jul  5 01:05:54 2016] pData->year : 0
[Tue Jul  5 01:05:54 2016] [xsensDataProcessor]<<
[Tue Jul  5 01:05:54 2016] [readXsensData]<<
[Tue Jul  5 01:05:54 2016] [xsens_wrapper_test] GO
[Tue Jul  5 01:05:54 2016] YES!!!!
[Tue Jul  5 01:05:54 2016] [xsensDataProcessor]>>
[Tue Jul  5 01:05:54 2016] [xsensDataProcessor]>>
[Tue Jul  5 01:05:54 2016] pData->year : 0
[Tue Jul  5 01:05:54 2016] [xsensDataProcessor]<<
[Tue Jul  5 01:05:54 2016] [lidar_read_2368_data]<<
[Tue Jul  5 01:05:54 2016] [readXsensData]<<
[Tue Jul  5 01:05:54 2016] [lidarDataProcessor]>>
[Tue Jul  5 01:05:54 2016] pData->year : 0
[Tue Jul  5 01:05:54 2016] [xsensDataProcessor]<<
[Tue Jul  5 01:05:54 2016] [readXsensData]<<
[Tue Jul  5 01:05:54 2016] [readXsensData]>>
[Tue Jul  5 01:05:54 2016] pData->year : 0
[Tue Jul  5 01:05:54 2016] YES!!!!
[Tue Jul  5 01:05:54 2016] [xsensDataProcessor]>>
[Tue Jul  5 01:05:54 2016] pData->year : 0
[Tue Jul  5 01:05:54 2016] [xsensDataProcessor]<<
[Tue Jul  5 01:05:54 2016] [readXsensData]<<
[Tue Jul  5 01:05:54 2016] [xsens_wrapper_test] GO
[Tue Jul  5 01:05:54 2016] [readXsensData]<<
[Tue Jul  5 01:05:54 2016] YES!!!!
[Tue Jul  5 01:05:54 2016] [xsensDataProcessor]>>
[Tue Jul  5 01:05:54 2016] pData->year : 0
[Tue Jul  5 01:05:54 2016] [xsensDataProcessor]<<
[Tue Jul  5 01:05:54 2016] [readXsensData]<<
[Tue Jul  5 01:05:54 2016] YES!!!!
[Tue Jul  5 01:05:54 2016] p : 0x7f5d340068f0, start : 0, len 8388608
[Tue Jul  5 01:05:54 2016] [xsensDataProcessor]<<
[Tue Jul  5 01:05:54 2016] [lidarDataProcessor]>>
[Tue Jul  5 01:05:54 2016] p : 0x7f5d2c8048f0, start : 0, len 8388608
[Tue Jul  5 01:05:54 2016] [lidarDataProcessor]<<
[Tue Jul  5 01:05:54 2016] pData->year : 0
[Tue Jul  5 01:05:54 2016] [xsensDataProcessor]<<
[Tue Jul  5 01:05:54 2016] [readXsensData]<<
[Tue Jul  5 01:05:54 2016] [readXsensData]<<
[Tue Jul  5 01:05:54 2016] YES!!!!
[Tue Jul  5 01:05:54 2016] [xsensDataProcessor]>>
[Tue Jul  5 01:05:54 2016] p : 0x7f5d740008c0, start : 0, len 8388608
[Tue Jul  5 01:05:54 2016] [xsensDataProcessor]>>
[Tue Jul  5 01:05:54 2016] [readXsensData]>>
[Tue Jul  5 01:05:54 2016] pData->year : 0
[Tue Jul  5 01:05:54 2016] [xsensDataProcessor]<<
[Tue Jul  5 01:05:54 2016] [readXsensData]<<
[Tue Jul  5 01:05:54 2016] YES!!!!
[Tue Jul  5 01:05:54 2016] [xsensDataProcessor]>>
[Tue Jul  5 01:05:54 2016] pData->year : 0
[Tue Jul  5 01:05:54 2016] [xsensDataProcessor]<<
[Tue Jul  5 01:05:54 2016] [readXsensData]<<
[Tue Jul  5 01:05:54 2016] [xsensDataProcessor]>>
[Tue Jul  5 01:05:54 2016] pData->year : 0
[Tue Jul  5 01:05:54 2016] [xsensDataProcessor]<<
[Tue Jul  5 01:05:54 2016] [readXsensData]<<
[Tue Jul  5 01:05:54 2016] p : 0x7f5d988048f0, start : 0, len 8388608
[Tue Jul  5 01:05:54 2016] [lidarDataProcessor]<<
[Tue Jul  5 01:05:54 2016] [lidarDataProcessor]<<
[Tue Jul  5 01:05:54 2016] pData->year : 0
[Tue Jul  5 01:05:54 2016] [xsensDataProcessor]<<
[Tue Jul  5 01:05:54 2016] [xsens_wrapper_test] GO
[Tue Jul  5 01:05:54 2016] YES!!!!
[Tue Jul  5 01:05:54 2016] [xsensDataProcessor]>>
[Tue Jul  5 01:05:54 2016] pData->year : 0
[Tue Jul  5 01:05:54 2016] [xsensDataProcessor]<<
[Tue Jul  5 01:05:54 2016] [readXsensData]<<
[Tue Jul  5 01:05:54 2016] [readXsensData]<<
[Tue Jul  5 01:05:54 2016] [lidarDataProcessor]<<
[Tue Jul  5 01:05:54 2016] [xsens_wrapper_test] GO
[Tue Jul  5 01:05:54 2016] [lidar_read_2368_data]>>
[Tue Jul  5 01:05:54 2016] [xsens_wrapper_test] GO
[Tue Jul  5 01:05:54 2016] [xsenThread] p : (nil)
[Tue Jul  5 01:05:54 2016] YES!!!!
[Tue Jul  5 01:05:54 2016] [xsenThread] p : (nil)
[Tue Jul  5 01:05:54 2016] pData->year : 0
[Tue Jul  5 01:05:54 2016] [xsensDataProcessor]<<
[Tue Jul  5 01:05:54 2016] [readXsensData]<<
[Tue Jul  5 01:05:54 2016] [xsensDataProcessor]>>
[Tue Jul  5 01:05:54 2016] [lidarThread] p : (nil)
[Tue Jul  5 01:05:54 2016] [lidar_read_2368_data]<<
[Tue Jul  5 01:05:54 2016] [lidarDataProcessor]<<
[Tue Jul  5 01:05:54 2016] [lidar_read_2368_data]<<
[Tue Jul  5 01:05:54 2016] pData->year : 0
[Tue Jul  5 01:05:54 2016] [xsensDataProcessor]<<
[Tue Jul  5 01:05:54 2016] [readXsensData]<<
[Tue Jul  5 01:05:54 2016] [lidar_read_2368_data]<<
[Tue Jul  5 01:05:54 2016] [readXsensData]>>
[Tue Jul  5 01:05:54 2016] p : 0x7f5da8000a60, start : 0, len 8388608
[Tue Jul  5 01:05:54 2016] YES!!!!
[Tue Jul  5 01:05:54 2016] [xsens_wrapper_test] GO
[Tue Jul  5 01:05:54 2016] [xsensDataProcessor]>>
[Tue Jul  5 01:05:54 2016] pData->year : 0
[Tue Jul  5 01:05:54 2016] [xsensDataProcessor]<<
[Tue Jul  5 01:05:54 2016] [readXsensData]<<
[Tue Jul  5 01:05:54 2016] YES!!!!
[Tue Jul  5 01:05:54 2016] [lidar_read_2368_data]<<
[Tue Jul  5 01:05:54 2016] [lidarDataProcessor]<<
[Tue Jul  5 01:05:54 2016] [xsensDataProcessor]>>
[Tue Jul  5 01:05:54 2016] pData->year : 0
[Tue Jul  5 01:05:54 2016] [xsensDataProcessor]<<
[Tue Jul  5 01:05:54 2016] [readXsensData]<<
[Tue Jul  5 01:05:54 2016] [xsenThread] p : (nil)
[Tue Jul  5 01:05:54 2016] [lidarDataProcessor]>>
[Tue Jul  5 01:05:54 2016] p : 0x7f5d080008c0, start : 0, len 8388608
[Tue Jul  5 01:05:54 2016] [lidarDataProcessor]<<
[Tue Jul  5 01:05:54 2016] [lidar_read_2368_data]<<
[Tue Jul  5 01:05:54 2016] [lidarDataProcessor]>>
[Tue Jul  5 01:05:54 2016] p : 0x7f5cd00008c0, start : 0, len 8388608
[Tue Jul  5 01:05:54 2016] [lidarDataProcessor]<<
[Tue Jul  5 01:05:54 2016] [lidar_read_2368_data]<<
[Tue Jul  5 01:05:54 2016] [lidarDataProcessor]>>
[Tue Jul  5 01:05:54 2016] p : 0x7f5cb80008c0, start : 0, len 8388608
[Tue Jul  5 01:05:54 2016] [lidarDataProcessor]<<
[Tue Jul  5 01:05:54 2016] [xsens_wrapper_test] GO
[Tue Jul  5 01:05:54 2016] [lidarDataProcessor]>>
[Tue Jul  5 01:05:54 2016] p : 0x7f5d300008c0, start : 0, len 8388608
[Tue Jul  5 01:05:54 2016] [lidarDataProcessor]<<
[Tue Jul  5 01:05:54 2016] [lidarDataProcessor]>>
[Tue Jul  5 01:05:54 2016] [lidarDataProcessor]>>
[Tue Jul  5 01:05:54 2016] [lidar_read_2368_data]<<
[Tue Jul  5 01:05:54 2016] p : 0x7f5c740008c0, start : 0, len 8388608
[Tue Jul  5 01:05:54 2016] [lidar_read_2368_data]<<
[Tue Jul  5 01:05:54 2016] [lidarDataProcessor]<<
[Tue Jul  5 01:05:54 2016] p : 0x7f5d100008c0, start : 0, len 8388608
[Tue Jul  5 01:05:54 2016] [lidarDataProcessor]>>
[Tue Jul  5 01:05:54 2016] [lidar_read_2368_data]<<
[Tue Jul  5 01:05:54 2016] p : 0x7f5c540008c0, start : 0, len 8388608
[Tue Jul  5 01:05:54 2016] [lidarDataProcessor]<<
[Tue Jul  5 01:05:54 2016] [lidarDataProcessor]<<
[Tue Jul  5 01:05:54 2016] [lidarDataProcessor]>>
[Tue Jul  5 01:05:54 2016] [lidarThread] p : (nil)
[Tue Jul  5 01:05:54 2016] p : 0x7f5c840008c0, start : 0, len 8388608
[Tue Jul  5 01:05:54 2016] [lidar_read_2368_data]<<
[Tue Jul  5 01:05:54 2016] [lidarDataProcessor]>>
[Tue Jul  5 01:05:54 2016] p : 0x7f5c640008c0, start : 0, len 8388608
[Tue Jul  5 01:05:54 2016] [lidarDataProcessor]<<
[Tue Jul  5 01:05:54 2016] YES!!!!
[Tue Jul  5 01:05:54 2016] [xsenThread] p : (nil)
[Tue Jul  5 01:05:54 2016] [readXsensData]>>
[Tue Jul  5 01:05:54 2016] [lidarThread] p : (nil)
[Tue Jul  5 01:05:54 2016] [lidarDataProcessor]<<
[Tue Jul  5 01:05:54 2016] [lidarDataProcessor]>>
[Tue Jul  5 01:05:54 2016] p : 0x7f5ce00008c0, start : 0, len 8388608
[Tue Jul  5 01:05:54 2016] [lidarDataProcessor]<<
[Tue Jul  5 01:05:54 2016] [lidarDataProcessor]>>
[Tue Jul  5 01:05:54 2016] [lidarDataProcessor]>>
[Tue Jul  5 01:05:54 2016] [xsenThread] p : (nil)
[Tue Jul  5 01:05:54 2016] [lidar_read_2368_data]<<
[Tue Jul  5 01:05:54 2016] [lidarDataProcessor]>>
[Tue Jul  5 01:05:54 2016] [lidar_read_2368_data]<<
[Tue Jul  5 01:05:54 2016] p : 0x7f5cd80008c0, start : 0, len 8388608
[Tue Jul  5 01:05:54 2016] [lidarDataProcessor]<<
[Tue Jul  5 01:05:54 2016] [lidarDataProcessor]>>
[Tue Jul  5 01:05:54 2016] [lidarThread] p : (nil)
[Tue Jul  5 01:05:54 2016] p : 0x7f5d200008c0, start : 0, len 8388608
[Tue Jul  5 01:05:54 2016] [lidarDataProcessor]<<
[Tue Jul  5 01:05:54 2016] [lidarDataProcessor]>>
[Tue Jul  5 01:05:54 2016] [xsenThread] p : (nil)
[Tue Jul  5 01:05:54 2016] [lidar_read_2368_data]<<
[Tue Jul  5 01:05:54 2016] [lidarThread] p : (nil)
[Tue Jul  5 01:05:54 2016] [lidarDataProcessor]>>
[Tue Jul  5 01:05:54 2016] [lidar_read_2368_data]>>
[Tue Jul  5 01:05:54 2016] [lidarDataProcessor]>>
[Tue Jul  5 01:05:54 2016] p : 0x7f5cf00008c0, start : 0, len 8388608
[Tue Jul  5 01:05:54 2016] [lidarDataProcessor]<<
[Tue Jul  5 01:05:54 2016] [lidar_read_2368_data]<<
[Tue Jul  5 01:05:54 2016] [lidar_read_2368_data]<<
[Tue Jul  5 01:05:54 2016] [lidar_read_2368_data]<<
[Tue Jul  5 01:05:54 2016] [lidarDataProcessor]>>
[Tue Jul  5 01:05:54 2016] p : 0x7f5ca40008c0, start : 0, len 8388608
[Tue Jul  5 01:05:54 2016] [lidarDataProcessor]<<
[Tue Jul  5 01:05:54 2016] p : 0x7f5d180008c0, start : 0, len 8388608
[Tue Jul  5 01:05:54 2016] [xsensDataProcessor]>>
[Tue Jul  5 01:05:54 2016] [lidarDataProcessor]<<
[Tue Jul  5 01:05:54 2016] [lidarDataProcessor]>>
[Tue Jul  5 01:05:54 2016] [lidarDataProcessor]>>
[Tue Jul  5 01:05:54 2016] p : 0x7f5d000008c0, start : 0, len 8388608
[Tue Jul  5 01:05:54 2016] [lidarDataProcessor]<<
[Tue Jul  5 01:05:54 2016] p : 0x7f5ce80008c0, start : 0, len 8388608
[Tue Jul  5 01:05:54 2016] [lidarDataProcessor]<<
[Tue Jul  5 01:05:54 2016] [lidarDataProcessor]>>
[Tue Jul  5 01:05:54 2016] p : 0x7f5cbc0008c0, start : 0, len 8388608
[Tue Jul  5 01:05:54 2016] [lidarDataProcessor]<<
[Tue Jul  5 01:05:54 2016] p : 0x7f5cc00008c0, start : 0, len 8388608
[Tue Jul  5 01:05:54 2016] [lidarDataProcessor]<<
[Tue Jul  5 01:05:54 2016] [lidar_read_2368_data]<<
[Tue Jul  5 01:05:54 2016] [lidarDataProcessor]>>
[Tue Jul  5 01:05:54 2016] p : 0x7f5d280008c0, start : 0, len 8388608
[Tue Jul  5 01:05:54 2016] [lidarDataProcessor]<<
[Tue Jul  5 01:05:54 2016] p : 0x7f5cf80008c0, start : 0, len 8388608
[Tue Jul  5 01:05:54 2016] [lidarDataProcessor]<<
[Tue Jul  5 01:05:54 2016] pData->year : 0
[Tue Jul  5 01:05:54 2016] [xsensDataProcessor]<<
[Tue Jul  5 01:05:54 2016] [readXsensData]<<
[Tue Jul  5 01:05:54 2016] [lidar_read_2368_data]>>
[Tue Jul  5 01:05:54 2016] [lidarDataProcessor]>>
[Tue Jul  5 01:05:54 2016] [lidar_read_2368_data]<<
[Tue Jul  5 01:05:54 2016] p : 0x7f5c940008c0, start : 0, len 8388608
[Tue Jul  5 01:05:54 2016] p : 0x7f5d3c0008c0, start : 0, len 8388608
[Tue Jul  5 01:05:54 2016] [xsenThread] p : (nil)
[Tue Jul  5 01:05:54 2016] [lidar_read_2368_data]<<
[Tue Jul  5 01:05:54 2016] [readXsensData]>>
[Tue Jul  5 01:05:54 2016] [lidarThread] p : (nil)
[Tue Jul  5 01:05:54 2016] [lidar_read_2368_data]>>
[Tue Jul  5 01:05:54 2016] [lidar_read_2368_data]<<
[Tue Jul  5 01:05:54 2016] [xsenThread] p : (nil)
[Tue Jul  5 01:05:54 2016] [lidarThread] p : (nil)
[Tue Jul  5 01:05:54 2016] [xsenThread] p : (nil)
[Tue Jul  5 01:05:54 2016] [xsenThread] p : (nil)
[Tue Jul  5 01:05:54 2016] [lidar_read_2368_data]<<
[Tue Jul  5 01:05:54 2016] [lidarDataProcessor]>>
[Tue Jul  5 01:05:54 2016] [lidarThread] p : (nil)
[Tue Jul  5 01:05:54 2016] [lidarDataProcessor]>>
[Tue Jul  5 01:05:54 2016] [lidar_read_2368_data]<<
[Tue Jul  5 01:05:54 2016] [lidarDataProcessor]<<
[Tue Jul  5 01:05:54 2016] [lidar_read_2368_data]<<
[Tue Jul  5 01:05:54 2016] [lidarThread] p : (nil)
[Tue Jul  5 01:05:54 2016] [lidar_read_2368_data]<<
[Tue Jul  5 01:05:54 2016] [lidarThread] p : (nil)
[Tue Jul  5 01:05:54 2016] [lidarThread] p : (nil)
[Tue Jul  5 01:05:54 2016] p : 0x7f5c440008c0, start : 0, len 8388608
[Tue Jul  5 01:05:54 2016] [lidarDataProcessor]<<
[Tue Jul  5 01:05:54 2016] [lidar_read_2368_data]<<
[Tue Jul  5 01:05:54 2016] [lidar_read_2368_data]<<
[Tue Jul  5 01:05:54 2016] [lidarDataProcessor]<<
[Tue Jul  5 01:05:54 2016] [lidar_read_2368_data]<<
[Tue Jul  5 01:05:54 2016] [lidar_read_2368_data]<<
[Tue Jul  5 01:05:54 2016] [xsenThread] p : (nil)
[Tue Jul  5 01:05:54 2016] [readXsensData]>>
[Tue Jul  5 01:05:54 2016] [lidarDataProcessor]>>
[Tue Jul  5 01:05:54 2016] p : 0x2580fb0, start : 0, len 8388608
[Tue Jul  5 01:05:54 2016] [lidarDataProcessor]<<
[Tue Jul  5 01:05:54 2016] [xsenThread] p : (nil)
[Tue Jul  5 01:05:54 2016] [readXsensData]>>
[Tue Jul  5 01:05:54 2016] [lidarThread] p : (nil)
[Tue Jul  5 01:05:54 2016] [xsenThread] p : (nil)
[Tue Jul  5 01:05:54 2016] [xsens_wrapper_test] GO
[Tue Jul  5 01:05:54 2016] YES!!!!
[Tue Jul  5 01:05:54 2016] [xsensDataProcessor]>>
[Tue Jul  5 01:05:54 2016] pData->year : 0
[Tue Jul  5 01:05:54 2016] [xsensDataProcessor]<<
[Tue Jul  5 01:05:54 2016] [readXsensData]<<
[Tue Jul  5 01:05:54 2016] [lidarThread] p : (nil)
[Tue Jul  5 01:05:54 2016] [xsens_wrapper_test] GO
[Tue Jul  5 01:05:54 2016] YES!!!!
[Tue Jul  5 01:05:54 2016] [xsensDataProcessor]>>
[Tue Jul  5 01:05:54 2016] pData->year : 0
[Tue Jul  5 01:05:54 2016] [xsensDataProcessor]<<
[Tue Jul  5 01:05:54 2016] [readXsensData]<<
[Tue Jul  5 01:05:54 2016] [lidar_read_2368_data]>>
[Tue Jul  5 01:05:54 2016] [lidar_read_2368_data]<<
[Tue Jul  5 01:05:54 2016] [xsenThread] p : (nil)
[Tue Jul  5 01:05:54 2016] [lidar_read_2368_data]>>
[Tue Jul  5 01:05:54 2016] [lidar_read_2368_data]<<
[Tue Jul  5 01:05:54 2016] [lidarDataProcessor]>>
[Tue Jul  5 01:05:54 2016] [readXsensData]>>
[Tue Jul  5 01:05:54 2016] p : 0x2d8d0b0, start : 0, len 8388608
[Tue Jul  5 01:05:54 2016] [lidar_read_2368_data]>>
[Tue Jul  5 01:05:54 2016] [lidarDataProcessor]<<
[Tue Jul  5 01:05:54 2016] [lidarDataProcessor]>>
[Tue Jul  5 01:05:54 2016] p : 0x358d0c0, start : 0, len 8388608
[Tue Jul  5 01:05:54 2016] [lidarDataProcessor]<<
[Tue Jul  5 01:05:54 2016] [xsens_wrapper_test] GO
[Tue Jul  5 01:05:54 2016] YES!!!!
[Tue Jul  5 01:05:54 2016] [lidar_read_2368_data]>>
[Tue Jul  5 01:05:54 2016] [lidar_read_2368_data]>>
[Tue Jul  5 01:05:54 2016] [lidarDataProcessor]>>
[Tue Jul  5 01:05:54 2016] [xsenThread] p : (nil)
[Tue Jul  5 01:05:54 2016] p : 0x358d0c0, start : 0, len 8388608
[Tue Jul  5 01:05:54 2016] [lidarDataProcessor]>>
[Tue Jul  5 01:05:54 2016] [lidar_read_2368_data]>>
[Tue Jul  5 01:05:54 2016] [readXsensData]>>
[Tue Jul  5 01:05:54 2016] [readXsensData]>>
[Tue Jul  5 01:05:54 2016] [lidarDataProcessor]>>
[Tue Jul  5 01:05:54 2016] p : 0x458d0e0, start : 0, len 8388608
[Tue Jul  5 01:05:54 2016] [lidar_read_2368_data]>>
[Tue Jul  5 01:05:54 2016] [readXsensData]>>
[Tue Jul  5 01:05:54 2016] [lidarDataProcessor]>>
[Tue Jul  5 01:05:54 2016] p : 0x4d8d0f0, start : 0, len 8388608
[Tue Jul  5 01:05:54 2016] [xsensDataProcessor]>>
[Tue Jul  5 01:05:54 2016] pData->year : 0
[Tue Jul  5 01:05:54 2016] [xsensDataProcessor]<<
[Tue Jul  5 01:05:54 2016] [readXsensData]<<
[Tue Jul  5 01:05:54 2016] [xsens_wrapper_test] GO
[Tue Jul  5 01:05:54 2016] YES!!!!
[Tue Jul  5 01:05:54 2016] [xsensDataProcessor]>>
[Tue Jul  5 01:05:54 2016] pData->year : 0
[Tue Jul  5 01:05:54 2016] [xsensDataProcessor]<<
[Tue Jul  5 01:05:54 2016] [readXsensData]<<
[Tue Jul  5 01:05:54 2016] [lidarDataProcessor]<<
[Tue Jul  5 01:05:54 2016] [lidar_read_2368_data]<<
[Tue Jul  5 01:05:54 2016] [lidarDataProcessor]>>
[Tue Jul  5 01:05:54 2016] [readXsensData]>>
[Tue Jul  5 01:05:54 2016] p : 0x3d8d0d0, start : 0, len 8388608
[Tue Jul  5 01:05:54 2016] [xsens_wrapper_test] GO
[Tue Jul  5 01:05:54 2016] [lidarDataProcessor]<<
[Tue Jul  5 01:05:54 2016] [lidar_read_2368_data]>>
[Tue Jul  5 01:05:54 2016] [lidarDataProcessor]>>
[Tue Jul  5 01:05:54 2016] p : 0x3d8d0d0, start : 0, len 8388608
[Tue Jul  5 01:05:54 2016] [lidarDataProcessor]<<
[Tue Jul  5 01:05:54 2016] [lidar_read_2368_data]<<
[Tue Jul  5 01:05:54 2016] [lidar_read_2368_data]<<
[Tue Jul  5 01:05:54 2016] [xsens_wrapper_test] GO
[Tue Jul  5 01:05:54 2016] [lidar_read_2368_data]<<
[Tue Jul  5 01:05:54 2016] YES!!!!
[Tue Jul  5 01:05:54 2016] [readXsensData]>>
[Tue Jul  5 01:05:54 2016] [xsensDataProcessor]>>
[Tue Jul  5 01:05:54 2016] pData->year : 0
[Tue Jul  5 01:05:54 2016] [xsensDataProcessor]<<
[Tue Jul  5 01:05:54 2016] [readXsensData]<<
[Tue Jul  5 01:05:54 2016] [readXsensData]>>
[Tue Jul  5 01:05:54 2016] [xsens_wrapper_test] GO
[Tue Jul  5 01:05:54 2016] YES!!!!
[Tue Jul  5 01:05:54 2016] [xsensDataProcessor]>>
[Tue Jul  5 01:05:54 2016] pData->year : 0
[Tue Jul  5 01:05:54 2016] [xsensDataProcessor]<<
[Tue Jul  5 01:05:54 2016] [readXsensData]<<
[Tue Jul  5 01:05:54 2016] [lidarDataProcessor]<<
[Tue Jul  5 01:05:54 2016] [lidar_read_2368_data]<<
[Tue Jul  5 01:05:54 2016] p : 0x458d0e0, start : 0, len 8388608
[Tue Jul  5 01:05:54 2016] [readXsensData]>>
[Tue Jul  5 01:05:54 2016] [lidarDataProcessor]<<
[Tue Jul  5 01:05:54 2016] [lidar_read_2368_data]>>
[Tue Jul  5 01:05:54 2016] [xsens_wrapper_test] GO
[Tue Jul  5 01:05:54 2016] YES!!!!
[Tue Jul  5 01:05:54 2016] [xsensDataProcessor]>>
[Tue Jul  5 01:05:54 2016] pData->year : 0
[Tue Jul  5 01:05:54 2016] [lidarThread] p : (nil)
[Tue Jul  5 01:05:54 2016] [xsensDataProcessor]<<
[Tue Jul  5 01:05:54 2016] [xsens_wrapper_test] GO
[Tue Jul  5 01:05:54 2016] [xsens_wrapper_test] GO
[Tue Jul  5 01:05:54 2016] [readXsensData]>>
[Tue Jul  5 01:05:54 2016] [readXsensData]>>
[Tue Jul  5 01:05:54 2016] [readXsensData]<<
[Tue Jul  5 01:05:54 2016] [lidar_read_2368_data]<<
[Tue Jul  5 01:05:54 2016] [xsens_wrapper_test] GO
[Tue Jul  5 01:05:54 2016] YES!!!!
[Tue Jul  5 01:05:54 2016] [xsenThread] p : (nil)
[Tue Jul  5 01:05:54 2016] [readXsensData]>>
[Tue Jul  5 01:05:54 2016] [readXsensData]>>
[Tue Jul  5 01:05:54 2016] [lidarDataProcessor]>>
[Tue Jul  5 01:05:54 2016] [xsens_wrapper_test] GO
[Tue Jul  5 01:05:54 2016] YES!!!!
[Tue Jul  5 01:05:54 2016] [xsensDataProcessor]>>
[Tue Jul  5 01:05:54 2016] pData->year : 0
[Tue Jul  5 01:05:54 2016] [xsensDataProcessor]<<
[Tue Jul  5 01:05:54 2016] [readXsensData]<<
[Tue Jul  5 01:05:54 2016] YES!!!!
[Tue Jul  5 01:05:54 2016] [xsensDataProcessor]>>
[Tue Jul  5 01:05:54 2016] pData->year : 0
[Tue Jul  5 01:05:54 2016] [xsensDataProcessor]<<
[Tue Jul  5 01:05:54 2016] [readXsensData]<<
[Tue Jul  5 01:05:54 2016] [lidar_read_2368_data]>>
[Tue Jul  5 01:05:54 2016] [lidarDataProcessor]<<
[Tue Jul  5 01:05:54 2016] [lidar_read_2368_data]<<
[Tue Jul  5 01:05:54 2016] [lidarDataProcessor]>>
[Tue Jul  5 01:05:54 2016] p : 0x3d8d0d0, start : 0, len 8388608
[Tue Jul  5 01:05:54 2016] [lidarDataProcessor]<<
[Tue Jul  5 01:05:54 2016] [lidar_read_2368_data]<<
[Tue Jul  5 01:05:54 2016] [xsenThread] p : (nil)
[Tue Jul  5 01:05:54 2016] [xsensDataProcessor]>>
[Tue Jul  5 01:05:54 2016] [lidar_read_2368_data]<<
[Tue Jul  5 01:05:54 2016] [lidarThread] p : (nil)
[Tue Jul  5 01:05:54 2016] [lidar_read_2368_data]>>
[Tue Jul  5 01:05:54 2016] p : 0x1d6cf00, start : 0, len 8388608
[Tue Jul  5 01:05:54 2016] [lidarThread] p : (nil)
[Tue Jul  5 01:05:54 2016] [lidarDataProcessor]>>
[Tue Jul  5 01:05:54 2016] [lidar_read_2368_data]>>
[Tue Jul  5 01:05:54 2016] [xsens_wrapper_test] GO
[Tue Jul  5 01:05:54 2016] [lidar_read_2368_data]>>
[Tue Jul  5 01:05:54 2016] YES!!!!
[Tue Jul  5 01:05:54 2016] [xsenThread] p : (nil)
[Tue Jul  5 01:05:54 2016] [xsenThread] p : (nil)
[Tue Jul  5 01:05:54 2016] [lidarThread] p : (nil)
[Tue Jul  5 01:05:54 2016] [lidar_read_2368_data]>>
[Tue Jul  5 01:05:54 2016] [readXsensData]>>
[Tue Jul  5 01:05:54 2016] [lidarThread] p : (nil)
[Tue Jul  5 01:05:54 2016] [lidar_read_2368_data]>>
[Tue Jul  5 01:05:54 2016] YES!!!!
[Tue Jul  5 01:05:54 2016] [xsenThread] p : (nil)
[Tue Jul  5 01:05:54 2016] [lidarDataProcessor]<<
[Tue Jul  5 01:05:54 2016] p : 0x358d0c0, start : 0, len 8388608
[Tue Jul  5 01:05:54 2016] [lidar_read_2368_data]<<
[Tue Jul  5 01:05:54 2016] [lidarDataProcessor]<<
[Tue Jul  5 01:05:54 2016] [xsenThread] p : (nil)
[Tue Jul  5 01:05:54 2016] [lidarDataProcessor]>>
[Tue Jul  5 01:05:54 2016] [lidarDataProcessor]>>
[Tue Jul  5 01:05:54 2016] p : 0x458d0e0, start : 0, len 8388608
[Tue Jul  5 01:05:54 2016] [xsensDataProcessor]>>
[Tue Jul  5 01:05:54 2016] [readXsensData]>>
[Tue Jul  5 01:05:54 2016] [xsens_wrapper_test] GO
[Tue Jul  5 01:05:54 2016] pData->year : 0
[Tue Jul  5 01:05:54 2016] [lidarDataProcessor]>>
[Tue Jul  5 01:05:54 2016] [lidar_read_2368_data]<<
[Tue Jul  5 01:05:54 2016] p : 0x257efa0, start : 0, len 8388608
[Tue Jul  5 01:05:54 2016] [lidarDataProcessor]<<
[Tue Jul  5 01:05:54 2016] [lidar_read_2368_data]<<
[Tue Jul  5 01:05:54 2016] [xsens_wrapper_test] GO
[Tue Jul  5 01:05:54 2016] [lidarThread] p : (nil)
[Tue Jul  5 01:05:54 2016] [xsens_wrapper_test] GO
[Tue Jul  5 01:05:54 2016] [lidarDataProcessor]>>
[Tue Jul  5 01:05:54 2016] [lidar_read_2368_data]>>
[Tue Jul  5 01:05:54 2016] [xsenThread] p : (nil)
[Tue Jul  5 01:05:54 2016] [lidarDataProcessor]>>
[Tue Jul  5 01:05:54 2016] p : 0x257b0e0, start : 0, len 8388608
[Tue Jul  5 01:05:54 2016] [lidarDataProcessor]<<
[Tue Jul  5 01:05:54 2016] [lidar_read_2368_data]<<
[Tue Jul  5 01:05:54 2016] [lidarDataProcessor]<<
[Tue Jul  5 01:05:54 2016] p : 0x4d8d0f0, start : 0, len 8388608
[Tue Jul  5 01:05:54 2016] [lidarDataProcessor]<<
[Tue Jul  5 01:05:54 2016] [lidar_read_2368_data]<<
[Tue Jul  5 01:05:54 2016] [lidar_read_2368_data]>>
[Tue Jul  5 01:05:54 2016] [lidarThread] p : (nil)
[Tue Jul  5 01:05:54 2016] [lidar_read_2368_data]>>
[Tue Jul  5 01:05:54 2016] [lidarDataProcessor]>>
[Tue Jul  5 01:05:54 2016] p : 0x1d68ee0, start : 0, len 8388608
[Tue Jul  5 01:05:54 2016] [lidarDataProcessor]<<
[Tue Jul  5 01:05:54 2016] [lidar_read_2368_data]<<
[Tue Jul  5 01:05:54 2016] p : 0x2d8d0b0, start : 0, len 8388608
[Tue Jul  5 01:05:54 2016] [xsensDataProcessor]>>
[Tue Jul  5 01:05:54 2016] [lidarThread] p : (nil)
[Tue Jul  5 01:05:54 2016] [lidar_read_2368_data]>>
[Tue Jul  5 01:05:54 2016] [xsensDataProcessor]<<
[Tue Jul  5 01:05:54 2016] [readXsensData]<<
[Tue Jul  5 01:05:54 2016] YES!!!!
[Tue Jul  5 01:05:54 2016] [xsensDataProcessor]>>
[Tue Jul  5 01:05:54 2016] [readXsensData]>>
[Tue Jul  5 01:05:54 2016] pData->year : 0
[Tue Jul  5 01:05:54 2016] [xsensDataProcessor]<<
[Tue Jul  5 01:05:54 2016] [lidarDataProcessor]>>
[Tue Jul  5 01:05:54 2016] [lidar_read_2368_data]<<
[Tue Jul  5 01:05:54 2016] [readXsensData]<<
[Tue Jul  5 01:05:54 2016] YES!!!!
[Tue Jul  5 01:05:54 2016] [lidarThread] p : (nil)
[Tue Jul  5 01:05:54 2016] [lidar_read_2368_data]>>
[Tue Jul  5 01:05:54 2016] [xsens_wrapper_test] GO
[Tue Jul  5 01:05:54 2016] [lidarDataProcessor]>>
[Tue Jul  5 01:05:54 2016] YES!!!!
[Tue Jul  5 01:05:54 2016] p : 0x458d0e0, start : 0, len 8388608
[Tue Jul  5 01:05:54 2016] [lidarDataProcessor]<<
[Tue Jul  5 01:05:54 2016] [lidar_read_2368_data]<<
[Tue Jul  5 01:05:54 2016] [lidar_read_2368_data]<<
[Tue Jul  5 01:05:54 2016] YES!!!!
[Tue Jul  5 01:05:54 2016] [lidarThread] p : (nil)
[Tue Jul  5 01:05:54 2016] [lidar_read_2368_data]>>
[Tue Jul  5 01:05:54 2016] [lidarDataProcessor]>>
[Tue Jul  5 01:05:54 2016] p : 0x458d0e0, start : 0, len 8388608
[Tue Jul  5 01:05:54 2016] [lidarDataProcessor]<<
[Tue Jul  5 01:05:54 2016] [lidar_read_2368_data]<<
[Tue Jul  5 01:05:54 2016] [xsenThread] p : (nil)
[Tue Jul  5 01:05:54 2016] [readXsensData]>>
[Tue Jul  5 01:05:54 2016] [readXsensData]>>
[Tue Jul  5 01:05:54 2016] [lidarThread] p : (nil)
[Tue Jul  5 01:05:54 2016] [lidar_read_2368_data]>>
[Tue Jul  5 01:05:54 2016] [lidarDataProcessor]>>
[Tue Jul  5 01:05:54 2016] [lidarDataProcessor]<<
[Tue Jul  5 01:05:54 2016] [lidar_read_2368_data]<<
[Tue Jul  5 01:05:54 2016] [xsens_wrapper_test] GO
[Tue Jul  5 01:05:54 2016] YES!!!!
[Tue Jul  5 01:05:54 2016] [xsensDataProcessor]>>
[Tue Jul  5 01:05:54 2016] [xsens_wrapper_test] GO
[Tue Jul  5 01:05:54 2016] p : 0x358d0c0, start : 0, len 8388608
[Tue Jul  5 01:05:54 2016] [xsensDataProcessor]>>
[Tue Jul  5 01:05:54 2016] pData->year : 0
[Tue Jul  5 01:05:54 2016] [xsensDataProcessor]<<
[Tue Jul  5 01:05:54 2016] [readXsensData]<<
[Tue Jul  5 01:05:54 2016] p : 0x257b0e0, start : 0, len 8388608
[Tue Jul  5 01:05:54 2016] [lidarDataProcessor]<<
[Tue Jul  5 01:05:54 2016] [lidar_read_2368_data]<<
[Tue Jul  5 01:05:54 2016] [xsens_wrapper_test] GO
[Tue Jul  5 01:05:54 2016] YES!!!!
[Tue Jul  5 01:05:54 2016] [xsensDataProcessor]>>
[Tue Jul  5 01:05:54 2016] [xsens_wrapper_test] GO
[Tue Jul  5 01:05:54 2016] [xsenThread] p : (nil)
[Tue Jul  5 01:05:54 2016] YES!!!!
[Tue Jul  5 01:05:54 2016] pData->year : 0
[Tue Jul  5 01:05:54 2016] YES!!!!
[Tue Jul  5 01:05:54 2016] [xsensDataProcessor]>>
[Tue Jul  5 01:05:54 2016] pData->year : 0
[Tue Jul  5 01:05:54 2016] [xsensDataProcessor]<<
[Tue Jul  5 01:05:54 2016] [readXsensData]<<
[Tue Jul  5 01:05:54 2016] YES!!!!
[Tue Jul  5 01:05:54 2016] [xsenThread] p : (nil)
[Tue Jul  5 01:05:54 2016] [lidarDataProcessor]<<
[Tue Jul  5 01:05:54 2016] pData->year : 0
[Tue Jul  5 01:05:54 2016] [lidarThread] p : (nil)
[Tue Jul  5 01:05:54 2016] [xsensDataProcessor]<<
[Tue Jul  5 01:05:54 2016] [readXsensData]<<
[Tue Jul  5 01:05:54 2016] [xsenThread] p : (nil)
[Tue Jul  5 01:05:54 2016] [readXsensData]>>
[Tue Jul  5 01:05:54 2016] [readXsensData]>>
[Tue Jul  5 01:05:54 2016] [xsensDataProcessor]>>
[Tue Jul  5 01:05:54 2016] [xsenThread] p : (nil)
[Tue Jul  5 01:05:54 2016] [readXsensData]>>
[Tue Jul  5 01:05:54 2016] [lidarDataProcessor]>>
[Tue Jul  5 01:05:54 2016] [readXsensData]>>
[Tue Jul  5 01:05:54 2016] [readXsensData]>>
[Tue Jul  5 01:05:54 2016] [xsensDataProcessor]>>
[Tue Jul  5 01:05:54 2016] [xsenThread] p : (nil)
[Tue Jul  5 01:05:54 2016] pData->year : 0
[Tue Jul  5 01:05:54 2016] [xsensDataProcessor]<<
[Tue Jul  5 01:05:54 2016] [readXsensData]<<
[Tue Jul  5 01:05:54 2016] p : 0x3d8d0d0, start : 0, len 8388608
[Tue Jul  5 01:05:54 2016] pData->year : 0
[Tue Jul  5 01:05:54 2016] [xsensDataProcessor]<<
[Tue Jul  5 01:05:54 2016] [readXsensData]<<
[Tue Jul  5 01:05:54 2016] [xsens_wrapper_test] GO
[Tue Jul  5 01:05:54 2016] [lidarDataProcessor]<<
[Tue Jul  5 01:05:54 2016] p : 0x2d8b0a0, start : 0, len 8388608
[Tue Jul  5 01:05:54 2016] [xsensDataProcessor]<<
[Tue Jul  5 01:05:54 2016] [xsens_wrapper_test] GO
[Tue Jul  5 01:05:54 2016] [lidarThread] p : (nil)
[Tue Jul  5 01:05:54 2016] [xsensDataProcessor]>>
[Tue Jul  5 01:05:54 2016] [xsens_wrapper_test] GO
[Tue Jul  5 01:05:54 2016] [lidar_read_2368_data]>>
[Tue Jul  5 01:05:54 2016] pData->year : 0
[Tue Jul  5 01:05:54 2016] [xsens_wrapper_test] GO
[Tue Jul  5 01:05:54 2016] [lidarDataProcessor]>>
[Tue Jul  5 01:05:54 2016] p : 0x358b0b0, start : 0, len 8388608
[Tue Jul  5 01:05:54 2016] [lidarDataProcessor]<<
[Tue Jul  5 01:05:54 2016] [lidar_read_2368_data]<<
[Tue Jul  5 01:05:54 2016] YES!!!!
[Tue Jul  5 01:05:54 2016] [readXsensData]>>
[Tue Jul  5 01:05:54 2016] [xsensDataProcessor]>>
[Tue Jul  5 01:05:54 2016] pData->year : 0
[Tue Jul  5 01:05:54 2016] [xsensDataProcessor]<<
[Tue Jul  5 01:05:54 2016] [readXsensData]<<
[Tue Jul  5 01:05:54 2016] [readXsensData]>>
[Tue Jul  5 01:05:54 2016] [xsens_wrapper_test] GO
[Tue Jul  5 01:05:54 2016] [lidar_read_2368_data]<<
[Tue Jul  5 01:05:54 2016] [readXsensData]<<
[Tue Jul  5 01:05:54 2016] [lidarDataProcessor]>>
[Tue Jul  5 01:05:54 2016] pData->year : 0
[Tue Jul  5 01:05:54 2016] [lidarDataProcessor]<<
[Tue Jul  5 01:05:54 2016] [xsensDataProcessor]<<
[Tue Jul  5 01:05:54 2016] [readXsensData]<<
[Tue Jul  5 01:05:54 2016] YES!!!!
[Tue Jul  5 01:05:54 2016] [xsens_wrapper_test] GO
[Tue Jul  5 01:05:54 2016] YES!!!!
[Tue Jul  5 01:05:54 2016] pData->year : 0
[Tue Jul  5 01:05:54 2016] [lidar_read_2368_data]<<
[Tue Jul  5 01:05:54 2016] [xsensDataProcessor]<<
[Tue Jul  5 01:05:54 2016] [readXsensData]<<
[Tue Jul  5 01:05:54 2016] [xsensDataProcessor]>>
[Tue Jul  5 01:05:54 2016] pData->year : 0
[Tue Jul  5 01:05:54 2016] [xsensDataProcessor]<<
[Tue Jul  5 01:05:54 2016] [readXsensData]<<
[Tue Jul  5 01:05:54 2016] [xsensDataProcessor]<<
[Tue Jul  5 01:05:54 2016] [readXsensData]<<
[Tue Jul  5 01:05:54 2016] YES!!!!
[Tue Jul  5 01:05:54 2016] [xsensDataProcessor]>>
[Tue Jul  5 01:05:54 2016] pData->year : 0
[Tue Jul  5 01:05:54 2016] [xsens_wrapper_test] GO
[Tue Jul  5 01:05:54 2016] [xsensDataProcessor]>>
[Tue Jul  5 01:05:54 2016] pData->year : 0
[Tue Jul  5 01:05:54 2016] [xsensDataProcessor]<<
[Tue Jul  5 01:05:54 2016] [readXsensData]<<
[Tue Jul  5 01:05:54 2016] YES!!!!
[Tue Jul  5 01:05:54 2016] [xsenThread] p : (nil)
[Tue Jul  5 01:05:54 2016] [readXsensData]>>
[Tue Jul  5 01:05:54 2016] [lidarThread] p : (nil)
[Tue Jul  5 01:05:54 2016] [xsens_wrapper_test] GO
[Tue Jul  5 01:05:54 2016] YES!!!!
[Tue Jul  5 01:05:54 2016] [xsensDataProcessor]>>
[Tue Jul  5 01:05:54 2016] pData->year : 0
[Tue Jul  5 01:05:54 2016] [xsensDataProcessor]<<
[Tue Jul  5 01:05:54 2016] [xsenThread] p : (nil)
[Tue Jul  5 01:05:54 2016] [xsensDataProcessor]>>
[Tue Jul  5 01:05:54 2016] [xsenThread] p : (nil)
[Tue Jul  5 01:05:54 2016] [readXsensData]>>
[Tue Jul  5 01:05:54 2016] [lidar_read_2368_data]>>
[Tue Jul  5 01:05:54 2016] [xsenThread] p : (nil)
[Tue Jul  5 01:05:54 2016] [readXsensData]>>
[Tue Jul  5 01:05:54 2016] [readXsensData]<<
[Tue Jul  5 01:05:54 2016] [lidarDataProcessor]>>
[Tue Jul  5 01:05:54 2016] p : 0x257b0e0, start : 0, len 8388608
[Tue Jul  5 01:05:54 2016] [lidarDataProcessor]<<
[Tue Jul  5 01:05:54 2016] YES!!!!
[Tue Jul  5 01:05:54 2016] [lidar_read_2368_data]<<
[Tue Jul  5 01:05:54 2016] [lidarThread] p : (nil)
[Tue Jul  5 01:05:54 2016] [xsenThread] p : (nil)
[Tue Jul  5 01:05:54 2016] [readXsensData]>>
[Tue Jul  5 01:05:54 2016] [xsenThread] p : (nil)
[Tue Jul  5 01:05:54 2016] [xsens_wrapper_test] GO
[Tue Jul  5 01:05:54 2016] [xsens_wrapper_test] GO
[Tue Jul  5 01:05:54 2016] YES!!!!
[Tue Jul  5 01:05:54 2016] [xsensDataProcessor]>>
[Tue Jul  5 01:05:54 2016] [xsenThread] p : (nil)
[Tue Jul  5 01:05:54 2016] pData->year : 0
[Tue Jul  5 01:05:54 2016] [readXsensData]>>
[Tue Jul  5 01:05:54 2016] [xsens_wrapper_test] GO
[Tue Jul  5 01:05:54 2016] [xsensDataProcessor]<<
[Tue Jul  5 01:05:54 2016] [readXsensData]>>
[Tue Jul  5 01:05:54 2016] [readXsensData]>>
[Tue Jul  5 01:05:54 2016] YES!!!!
[Tue Jul  5 01:05:54 2016] YES!!!!
[Tue Jul  5 01:05:54 2016] [xsensDataProcessor]>>
[Tue Jul  5 01:05:54 2016] [xsenThread] p : (nil)
[Tue Jul  5 01:05:54 2016] [lidar_read_2368_data]>>
[Tue Jul  5 01:05:54 2016] [lidarThread] p : (nil)
[Tue Jul  5 01:05:54 2016] [xsensDataProcessor]>>
[Tue Jul  5 01:05:54 2016] [lidarThread] p : (nil)
[Tue Jul  5 01:05:54 2016] pData->year : 0
[Tue Jul  5 01:05:54 2016] [lidarThread] p : (nil)
[Tue Jul  5 01:05:54 2016] [xsenThread] p : (nil)
[Tue Jul  5 01:05:54 2016] [xsenThread] p : (nil)
[Tue Jul  5 01:05:54 2016] [xsenThread] p : (nil)
[Tue Jul  5 01:05:54 2016] [xsensDataProcessor]>>
[Tue Jul  5 01:05:54 2016] [lidarThread] p : (nil)
[Tue Jul  5 01:05:54 2016] [lidar_read_2368_data]>>
[Tue Jul  5 01:05:54 2016] [lidarDataProcessor]>>
[Tue Jul  5 01:05:54 2016] [lidar_read_2368_data]>>
[Tue Jul  5 01:05:54 2016] [readXsensData]>>
[Tue Jul  5 01:05:54 2016] [xsensDataProcessor]<<
[Tue Jul  5 01:05:54 2016] [readXsensData]>>
[Tue Jul  5 01:05:54 2016] [xsenThread] p : (nil)
[Tue Jul  5 01:05:54 2016] [readXsensData]>>
[Tue Jul  5 01:05:54 2016] [xsensDataProcessor]>>
[Tue Jul  5 01:05:54 2016] [xsenThread] p : (nil)
[Tue Jul  5 01:05:54 2016] [readXsensData]>>
[Tue Jul  5 01:05:54 2016] [lidarThread] p : (nil)
[Tue Jul  5 01:05:54 2016] [lidar_read_2368_data]>>
[Tue Jul  5 01:05:54 2016] [lidar_read_2368_data]<<
[Tue Jul  5 01:05:54 2016] [lidarDataProcessor]>>
[Tue Jul  5 01:05:54 2016] p : 0x3d89040, start : 0, len 8388608
[Tue Jul  5 01:05:54 2016] [lidarDataProcessor]<<
[Tue Jul  5 01:05:54 2016] [xsenThread] p : (nil)
[Tue Jul  5 01:05:54 2016] [readXsensData]>>
[Tue Jul  5 01:05:54 2016] pData->year : 0
[Tue Jul  5 01:05:54 2016] [xsensDataProcessor]<<
[Tue Jul  5 01:05:54 2016] [readXsensData]<<
[Tue Jul  5 01:05:54 2016] [xsens_wrapper_test] GO
[Tue Jul  5 01:05:54 2016] YES!!!!
[Tue Jul  5 01:05:54 2016] [xsensDataProcessor]>>
[Tue Jul  5 01:05:54 2016] pData->year : 0
[Tue Jul  5 01:05:54 2016] [xsensDataProcessor]<<
[Tue Jul  5 01:05:54 2016] [readXsensData]<<
[Tue Jul  5 01:05:54 2016] [lidarThread] p : (nil)
[Tue Jul  5 01:05:54 2016] [lidarThread] p : (nil)
[Tue Jul  5 01:05:54 2016] [xsenThread] p : (nil)
[Tue Jul  5 01:05:54 2016] [readXsensData]>>
[Tue Jul  5 01:05:54 2016] [lidar_read_2368_data]>>
[Tue Jul  5 01:05:54 2016] [lidarDataProcessor]>>
[Tue Jul  5 01:05:54 2016] p : 0x3d89040, start : 0, len 8388608
[Tue Jul  5 01:05:54 2016] [lidarDataProcessor]<<
[Tue Jul  5 01:05:54 2016] [readXsensData]>>
[Tue Jul  5 01:05:54 2016] pData->year : 0
[Tue Jul  5 01:05:54 2016] pData->year : 0
[Tue Jul  5 01:05:54 2016] [xsensDataProcessor]<<
[Tue Jul  5 01:05:54 2016] [readXsensData]<<
[Tue Jul  5 01:05:54 2016] [readXsensData]<<
[Tue Jul  5 01:05:54 2016] [xsensDataProcessor]<<
[Tue Jul  5 01:05:54 2016] [lidarThread] p : (nil)
[Tue Jul  5 01:05:54 2016] [xsens_wrapper_test] GO
[Tue Jul  5 01:05:54 2016] [lidarDataProcessor]>>
[Tue Jul  5 01:05:54 2016] pData->year : 0
[Tue Jul  5 01:05:54 2016] [lidarThread] p : (nil)
[Tue Jul  5 01:05:54 2016] p : 0x2d87010, start : 0, len 8388608
[Tue Jul  5 01:05:54 2016] [xsenThread] p : (nil)
[Tue Jul  5 01:05:54 2016] [xsens_wrapper_test] GO
[Tue Jul  5 01:05:54 2016] [lidarThread] p : (nil)
[Tue Jul  5 01:05:54 2016] [readXsensData]<<
[Tue Jul  5 01:05:54 2016] [lidar_read_2368_data]>>
[Tue Jul  5 01:05:54 2016] YES!!!!
[Tue Jul  5 01:05:54 2016] [xsensDataProcessor]>>
[Tue Jul  5 01:05:54 2016] pData->year : 0
[Tue Jul  5 01:05:54 2016] [xsenThread] p : (nil)
[Tue Jul  5 01:05:54 2016] [lidar_read_2368_data]>>
[Tue Jul  5 01:05:54 2016] [xsenThread] p : (nil)
[Tue Jul  5 01:05:54 2016] [lidarDataProcessor]>>
[Tue Jul  5 01:05:54 2016] [lidar_read_2368_data]>>
[Tue Jul  5 01:05:54 2016] [lidarThread] p : (nil)
[Tue Jul  5 01:05:54 2016] [xsenThread] p : (nil)
[Tue Jul  5 01:05:54 2016] [lidar_read_2368_data]>>
[Tue Jul  5 01:05:54 2016] [lidarThread] p : (nil)
[Tue Jul  5 01:05:54 2016] [xsensDataProcessor]<<
[Tue Jul  5 01:05:54 2016] [readXsensData]<<
[Tue Jul  5 01:05:54 2016] [lidar_read_2368_data]>>
[Tue Jul  5 01:05:54 2016] [lidarDataProcessor]>>
[Tue Jul  5 01:05:54 2016] [lidar_read_2368_data]<<
[Tue Jul  5 01:05:54 2016] [lidarThread] p : (nil)
[Tue Jul  5 01:05:54 2016] p : 0x3d89040, start : 0, len 8388608
[Tue Jul  5 01:05:54 2016] p : 0x4589050, start : 0, len 8388608
[Tue Jul  5 01:05:54 2016] [lidarDataProcessor]<<
[Tue Jul  5 01:05:54 2016] [readXsensData]>>
[Tue Jul  5 01:05:54 2016] [xsensDataProcessor]<<
[Tue Jul  5 01:05:54 2016] [xsens_wrapper_test] GO
[Tue Jul  5 01:05:54 2016] YES!!!!
[Tue Jul  5 01:05:54 2016] [xsensDataProcessor]>>
[Tue Jul  5 01:05:54 2016] [lidarThread] p : (nil)
[Tue Jul  5 01:05:54 2016] [lidarThread] p : (nil)
[Tue Jul  5 01:05:54 2016] [lidarDataProcessor]>>
[Tue Jul  5 01:05:54 2016] [xsens_wrapper_test] GO
[Tue Jul  5 01:05:54 2016] p : 0x4d89060, start : 0, len 8388608
[Tue Jul  5 01:05:54 2016] [xsens_wrapper_test] GO
[Tue Jul  5 01:05:54 2016] [lidarDataProcessor]>>
[Tue Jul  5 01:05:54 2016] [lidarDataProcessor]<<
[Tue Jul  5 01:05:54 2016] [lidarThread] p : (nil)
[Tue Jul  5 01:05:54 2016] [lidar_read_2368_data]>>
[Tue Jul  5 01:05:54 2016] [readXsensData]>>
[Tue Jul  5 01:05:54 2016] [lidarDataProcessor]>>
[Tue Jul  5 01:05:54 2016] p : 0x4d89060, start : 0, len 8388608
[Tue Jul  5 01:05:54 2016] [lidarDataProcessor]<<
[Tue Jul  5 01:05:54 2016] [lidar_read_2368_data]<<
[Tue Jul  5 01:05:54 2016] [xsenThread] p : (nil)
[Tue Jul  5 01:05:54 2016] [readXsensData]>>
[Tue Jul  5 01:05:54 2016] [lidarThread] p : (nil)
[Tue Jul  5 01:05:54 2016] [lidar_read_2368_data]>>
[Tue Jul  5 01:05:54 2016] [xsens_wrapper_test] GO
[Tue Jul  5 01:05:54 2016] [lidarDataProcessor]<<
[Tue Jul  5 01:05:54 2016] [xsenThread] p : (nil)
[Tue Jul  5 01:05:54 2016] YES!!!!
[Tue Jul  5 01:05:54 2016] [xsensDataProcessor]>>
[Tue Jul  5 01:05:54 2016] pData->year : 0
[Tue Jul  5 01:05:54 2016] [xsens_wrapper_test] GO
[Tue Jul  5 01:05:54 2016] [xsensDataProcessor]<<
[Tue Jul  5 01:05:54 2016] [lidarThread] p : (nil)
[Tue Jul  5 01:05:54 2016] [readXsensData]<<
[Tue Jul  5 01:05:54 2016] [readXsensData]>>
[Tue Jul  5 01:05:54 2016] [xsens_wrapper_test] GO
[Tue Jul  5 01:05:54 2016] [xsenThread] p : (nil)
[Tue Jul  5 01:05:54 2016] [xsenThread] p : (nil)
[Tue Jul  5 01:05:54 2016] YES!!!!
[Tue Jul  5 01:05:54 2016] [lidarThread] p : (nil)
[Tue Jul  5 01:05:54 2016] [readXsensData]>>
[Tue Jul  5 01:05:54 2016] [lidarThread] p : (nil)
[Tue Jul  5 01:05:54 2016] [lidarDataProcessor]<<
[Tue Jul  5 01:05:54 2016] [xsenThread] p : (nil)
[Tue Jul  5 01:05:54 2016] [lidar_read_2368_data]<<
[Tue Jul  5 01:05:54 2016] YES!!!!
[Tue Jul  5 01:05:54 2016] [readXsensData]<<
[Tue Jul  5 01:05:54 2016] [xsensDataProcessor]>>
[Tue Jul  5 01:05:54 2016] pData->year : 0
[Tue Jul  5 01:05:54 2016] [xsensDataProcessor]<<
[Tue Jul  5 01:05:54 2016] [readXsensData]<<
[Tue Jul  5 01:05:54 2016] [lidar_read_2368_data]>>
[Tue Jul  5 01:05:54 2016] [xsens_wrapper_test] GO
[Tue Jul  5 01:05:54 2016] YES!!!!
[Tue Jul  5 01:05:54 2016] [xsensDataProcessor]>>
[Tue Jul  5 01:05:54 2016] pData->year : 0
[Tue Jul  5 01:05:54 2016] [xsensDataProcessor]<<
[Tue Jul  5 01:05:54 2016] [readXsensData]<<
[Tue Jul  5 01:05:54 2016] [lidarThread] p : (nil)
[Tue Jul  5 01:05:54 2016] YES!!!!
[Tue Jul  5 01:05:54 2016] [xsensDataProcessor]>>
[Tue Jul  5 01:05:54 2016] pData->year : 0
[Tue Jul  5 01:05:54 2016] [xsensDataProcessor]<<
[Tue Jul  5 01:05:54 2016] [readXsensData]<<
[Tue Jul  5 01:05:54 2016] [xsenThread] p : (nil)
[Tue Jul  5 01:05:54 2016] [readXsensData]>>
[Tue Jul  5 01:05:54 2016] [lidar_read_2368_data]>>
[Tue Jul  5 01:05:54 2016] [lidarDataProcessor]>>
[Tue Jul  5 01:05:54 2016] p : 0x4589050, start : 0, len 8388608
[Tue Jul  5 01:05:54 2016] [lidarDataProcessor]<<
[Tue Jul  5 01:05:54 2016] [lidar_read_2368_data]<<
[Tue Jul  5 01:05:54 2016] [lidarThread] p : (nil)
[Tue Jul  5 01:05:54 2016] [lidar_read_2368_data]>>
[Tue Jul  5 01:05:54 2016] [lidarDataProcessor]>>
[Tue Jul  5 01:05:54 2016] [lidarThread] p : (nil)
[Tue Jul  5 01:05:54 2016] [xsenThread] p : (nil)
[Tue Jul  5 01:05:54 2016] [readXsensData]>>
[Tue Jul  5 01:05:54 2016] [lidarThread] p : (nil)
[Tue Jul  5 01:05:54 2016] [lidar_read_2368_data]<<
[Tue Jul  5 01:05:54 2016] [lidarDataProcessor]>>
[Tue Jul  5 01:05:54 2016] [xsens_wrapper_test] GO
[Tue Jul  5 01:05:54 2016] YES!!!!
[Tue Jul  5 01:05:54 2016] [readXsensData]>>
[Tue Jul  5 01:05:54 2016] [lidarThread] p : (nil)
[Tue Jul  5 01:05:54 2016] [lidarThread] p : (nil)
[Tue Jul  5 01:05:54 2016] [lidar_read_2368_data]>>
[Tue Jul  5 01:05:54 2016] [lidarThread] p : (nil)
[Tue Jul  5 01:05:54 2016] [xsensDataProcessor]<<
[Tue Jul  5 01:05:54 2016] [lidarThread] p : (nil)
[Tue Jul  5 01:05:54 2016] [lidar_read_2368_data]>>
[Tue Jul  5 01:05:54 2016] [xsenThread] p : (nil)
[Tue Jul  5 01:05:54 2016] [lidarDataProcessor]>>
[Tue Jul  5 01:05:54 2016] [xsenThread] p : (nil)
[Tue Jul  5 01:05:54 2016] p : 0x6d890a0, start : 0, len 8388608
[Tue Jul  5 01:05:54 2016] [lidarThread] p : (nil)
[Tue Jul  5 01:05:54 2016] [lidarDataProcessor]>>
[Tue Jul  5 01:05:54 2016] [xsens_wrapper_test] GO
[Tue Jul  5 01:05:54 2016] [xsenThread] p : (nil)
[Tue Jul  5 01:05:54 2016] [readXsensData]>>
[Tue Jul  5 01:05:54 2016] pData->year : 0
[Tue Jul  5 01:05:54 2016] p : 0x1d68ee0, start : 0, len 8388608
[Tue Jul  5 01:05:54 2016] [xsenThread] p : (nil)
[Tue Jul  5 01:05:54 2016] [lidar_read_2368_data]>>
[Tue Jul  5 01:05:54 2016] [lidarThread] p : (nil)
[Tue Jul  5 01:05:54 2016] [lidarDataProcessor]>>
[Tue Jul  5 01:05:54 2016] p : 0x4589050, start : 0, len 8388608
[Tue Jul  5 01:05:54 2016] YES!!!!
[Tue Jul  5 01:05:54 2016] p : 0x7d890c0, start : 0, len 8388608
[Tue Jul  5 01:05:54 2016] [lidarDataProcessor]<<
[Tue Jul  5 01:05:54 2016] [lidar_read_2368_data]>>
[Tue Jul  5 01:05:54 2016] [lidar_read_2368_data]<<
[Tue Jul  5 01:05:54 2016] p : 0x3587020, start : 0, len 8388608
[Tue Jul  5 01:05:54 2016] [lidarDataProcessor]>>
[Tue Jul  5 01:05:54 2016] [xsens_wrapper_test] GO
[Tue Jul  5 01:05:54 2016] YES!!!!
[Tue Jul  5 01:05:54 2016] [xsens_wrapper_test] GO
[Tue Jul  5 01:05:54 2016] [xsensDataProcessor]>>
[Tue Jul  5 01:05:54 2016] [xsensDataProcessor]>>
[Tue Jul  5 01:05:54 2016] pData->year : 0
[Tue Jul  5 01:05:54 2016] [xsensDataProcessor]<<
[Tue Jul  5 01:05:54 2016] [readXsensData]>>
[Tue Jul  5 01:05:54 2016] [readXsensData]<<
[Tue Jul  5 01:05:54 2016] [xsenThread] p : (nil)
[Tue Jul  5 01:05:54 2016] [lidarThread] p : (nil)
[Tue Jul  5 01:05:54 2016] [lidar_read_2368_data]>>
[Tue Jul  5 01:05:54 2016] [readXsensData]>>
[Tue Jul  5 01:05:54 2016] YES!!!!
[Tue Jul  5 01:05:54 2016] [xsensDataProcessor]>>
[Tue Jul  5 01:05:54 2016] pData->year : 0
[Tue Jul  5 01:05:54 2016] [xsensDataProcessor]<<
[Tue Jul  5 01:05:54 2016] [readXsensData]<<
[Tue Jul  5 01:05:54 2016] [xsenThread] p : (nil)
[Tue Jul  5 01:05:54 2016] [readXsensData]>>
[Tue Jul  5 01:05:54 2016] [xsenThread] p : (nil)
[Tue Jul  5 01:05:54 2016] [readXsensData]>>
[Tue Jul  5 01:05:54 2016] [lidarThread] p : (nil)
[Tue Jul  5 01:05:54 2016] [lidar_read_2368_data]>>
[Tue Jul  5 01:05:54 2016] [xsens_wrapper_test] GO
[Tue Jul  5 01:05:54 2016] YES!!!!
[Tue Jul  5 01:05:54 2016] [xsensDataProcessor]>>
[Tue Jul  5 01:05:54 2016] pData->year : 0
[Tue Jul  5 01:05:54 2016] [xsensDataProcessor]<<
[Tue Jul  5 01:05:54 2016] [readXsensData]<<
[Tue Jul  5 01:05:54 2016] [readXsensData]>>
[Tue Jul  5 01:05:54 2016] [xsenThread] p : (nil)
[Tue Jul  5 01:05:54 2016] [readXsensData]>>
[Tue Jul  5 01:05:54 2016] [readXsensData]<<
[Tue Jul  5 01:05:54 2016] [lidarThread] p : (nil)
[Tue Jul  5 01:05:54 2016] [lidar_read_2368_data]>>
[Tue Jul  5 01:05:54 2016] [lidar_read_2368_data]>>
[Tue Jul  5 01:05:54 2016] [xsenThread] p : (nil)
[Tue Jul  5 01:05:54 2016] [lidarThread] p : (nil)
[Tue Jul  5 01:05:54 2016] [readXsensData]>>
[Tue Jul  5 01:05:54 2016] [lidar_read_2368_data]>>
[Tue Jul  5 01:05:54 2016] [lidar_read_2368_data]>>
[Tue Jul  5 01:05:54 2016] p : 0x4d89060, start : 0, len 8388608
[Tue Jul  5 01:05:54 2016] [lidarDataProcessor]>>
[Tue Jul  5 01:05:54 2016] [lidar_read_2368_data]>>
[Tue Jul  5 01:05:54 2016] [lidarDataProcessor]>>
[Tue Jul  5 01:05:54 2016] p : 0x9d89100, start : 0, len 8388608
[Tue Jul  5 01:05:54 2016] [lidarDataProcessor]<<
[Tue Jul  5 01:05:54 2016] [lidar_read_2368_data]<<
[Tue Jul  5 01:05:54 2016] [lidar_read_2368_data]>>
[Tue Jul  5 01:05:54 2016] [xsens_wrapper_test] GO
[Tue Jul  5 01:05:54 2016] p : 0x5d89080, start : 0, len 8388608
[Tue Jul  5 01:05:54 2016] [lidarDataProcessor]>>
[Tue Jul  5 01:05:54 2016] [lidarDataProcessor]<<
[Tue Jul  5 01:05:54 2016] [lidar_read_2368_data]<<
[Tue Jul  5 01:05:54 2016] [readXsensData]>>
[Tue Jul  5 01:05:54 2016] YES!!!!
[Tue Jul  5 01:05:54 2016] [xsensDataProcessor]>>
[Tue Jul  5 01:05:54 2016] pData->year : 0
[Tue Jul  5 01:05:54 2016] [lidarDataProcessor]<<
[Tue Jul  5 01:05:54 2016] [xsens_wrapper_test] GO
[Tue Jul  5 01:05:54 2016] [xsens_wrapper_test] GO
[Tue Jul  5 01:05:54 2016] [lidar_read_2368_data]>>
[Tue Jul  5 01:05:54 2016] [lidarDataProcessor]<<
[Tue Jul  5 01:05:54 2016] [lidarDataProcessor]<<
[Tue Jul  5 01:05:54 2016] [lidar_read_2368_data]<<
[Tue Jul  5 01:05:54 2016] [xsens_wrapper_test] GO
[Tue Jul  5 01:05:54 2016] [xsens_wrapper_test] GO
[Tue Jul  5 01:05:54 2016] [lidarThread] p : (nil)
[Tue Jul  5 01:05:54 2016] YES!!!!
[Tue Jul  5 01:05:54 2016] [xsensDataProcessor]>>
[Tue Jul  5 01:05:54 2016] [xsenThread] p : (nil)
[Tue Jul  5 01:05:54 2016] pData->year : 0
[Tue Jul  5 01:05:54 2016] [xsensDataProcessor]<<
[Tue Jul  5 01:05:54 2016] [readXsensData]<<
[Tue Jul  5 01:05:54 2016] [xsens_wrapper_test] GO
[Tue Jul  5 01:05:54 2016] [lidarDataProcessor]>>
[Tue Jul  5 01:05:54 2016] p : 0x75890b0, start : 0, len 8388608
[Tue Jul  5 01:05:54 2016] [lidarDataProcessor]<<
[Tue Jul  5 01:05:54 2016] [lidar_read_2368_data]<<
[Tue Jul  5 01:05:54 2016] [lidarThread] p : (nil)
[Tue Jul  5 01:05:54 2016] [lidar_read_2368_data]>>
[Tue Jul  5 01:05:54 2016] [lidarDataProcessor]>>
[Tue Jul  5 01:05:54 2016] p : 0x5d89080, start : 0, len 8388608
[Tue Jul  5 01:05:54 2016] [lidarDataProcessor]<<
[Tue Jul  5 01:05:54 2016] [xsensDataProcessor]<<
[Tue Jul  5 01:05:54 2016] [lidarThread] p : (nil)
[Tue Jul  5 01:05:54 2016] [lidar_read_2368_data]<<
[Tue Jul  5 01:05:54 2016] [readXsensData]<<
[Tue Jul  5 01:05:54 2016] p : 0x6589090, start : 0, len 8388608
[Tue Jul  5 01:05:54 2016] [xsens_wrapper_test] GO
[Tue Jul  5 01:05:54 2016] [lidar_read_2368_data]>>
[Tue Jul  5 01:05:54 2016] [lidarDataProcessor]<<
[Tue Jul  5 01:05:54 2016] [lidarThread] p : (nil)
[Tue Jul  5 01:05:54 2016] [xsenThread] p : (nil)
[Tue Jul  5 01:05:54 2016] [lidar_read_2368_data]>>
[Tue Jul  5 01:05:54 2016] [xsensDataProcessor]>>
[Tue Jul  5 01:05:54 2016] pData->year : 0
[Tue Jul  5 01:05:54 2016] YES!!!!
[Tue Jul  5 01:05:54 2016] [lidar_read_2368_data]>>
[Tue Jul  5 01:05:54 2016] YES!!!!
[Tue Jul  5 01:05:54 2016] [lidar_read_2368_data]<<
[Tue Jul  5 01:05:54 2016] [readXsensData]<<
[Tue Jul  5 01:05:54 2016] [lidarThread] p : (nil)
[Tue Jul  5 01:05:54 2016] [lidar_read_2368_data]<<
[Tue Jul  5 01:05:54 2016] [xsenThread] p : (nil)
[Tue Jul  5 01:05:54 2016] [readXsensData]>>
[Tue Jul  5 01:05:54 2016] [lidar_read_2368_data]>>
[Tue Jul  5 01:05:54 2016] [lidarThread] p : (nil)
[Tue Jul  5 01:05:54 2016] [xsenThread] p : (nil)
[Tue Jul  5 01:05:54 2016] [lidarDataProcessor]>>
[Tue Jul  5 01:05:54 2016] [xsenThread] p : (nil)
[Tue Jul  5 01:05:54 2016] [readXsensData]>>
[Tue Jul  5 01:05:54 2016] [lidarThread] p : (nil)
[Tue Jul  5 01:05:54 2016] [readXsensData]>>
[Tue Jul  5 01:05:54 2016] [xsens_wrapper_test] GO
[Tue Jul  5 01:05:54 2016] YES!!!!
[Tue Jul  5 01:05:54 2016] [lidarDataProcessor]>>
[Tue Jul  5 01:05:54 2016] [readXsensData]>>
[Tue Jul  5 01:05:54 2016] [xsens_wrapper_test] GO
[Tue Jul  5 01:05:54 2016] [xsenThread] p : (nil)
[Tue Jul  5 01:05:54 2016] [lidar_read_2368_data]<<
[Tue Jul  5 01:05:54 2016] [readXsensData]>>
[Tue Jul  5 01:05:54 2016] [readXsensData]>>
[Tue Jul  5 01:05:54 2016] [lidar_read_2368_data]>>
[Tue Jul  5 01:05:54 2016] YES!!!!
[Tue Jul  5 01:05:54 2016] [lidarDataProcessor]>>
[Tue Jul  5 01:05:54 2016] p : 0x95890f0, start : 0, len 8388608
[Tue Jul  5 01:05:54 2016] p : 0x1d68ee0, start : 0, len 8388608
[Tue Jul  5 01:05:54 2016] YES!!!!
[Tue Jul  5 01:05:54 2016] [lidar_read_2368_data]<<
[Tue Jul  5 01:05:54 2016] YES!!!!
[Tue Jul  5 01:05:54 2016] [xsensDataProcessor]>>
[Tue Jul  5 01:05:54 2016] pData->year : 0
[Tue Jul  5 01:05:54 2016] [xsensDataProcessor]<<
[Tue Jul  5 01:05:54 2016] [readXsensData]<<
[Tue Jul  5 01:05:54 2016] [xsens_wrapper_test] GO
[Tue Jul  5 01:05:54 2016] YES!!!!
[Tue Jul  5 01:05:54 2016] [xsenThread] p : (nil)
[Tue Jul  5 01:05:54 2016] [xsensDataProcessor]>>
[Tue Jul  5 01:05:54 2016] pData->year : 0
[Tue Jul  5 01:05:54 2016] [xsensDataProcessor]<<
[Tue Jul  5 01:05:54 2016] [readXsensData]<<
[Tue Jul  5 01:05:54 2016] p : 0x9d89100, start : 0, len 8388608
[Tue Jul  5 01:05:54 2016] [xsens_wrapper_test] GO
[Tue Jul  5 01:05:54 2016] YES!!!!
[Tue Jul  5 01:05:54 2016] [xsens_wrapper_test] GO
[Tue Jul  5 01:05:54 2016] [xsensDataProcessor]>>
[Tue Jul  5 01:05:54 2016] [lidarDataProcessor]>>
[Tue Jul  5 01:05:54 2016] pData->year : 0
[Tue Jul  5 01:05:54 2016] [xsensDataProcessor]>>
[Tue Jul  5 01:05:54 2016] YES!!!!
[Tue Jul  5 01:05:54 2016] [readXsensData]>>
[Tue Jul  5 01:05:54 2016] [lidar_read_2368_data]<<
[Tue Jul  5 01:05:54 2016] [lidar_read_2368_data]>>
[Tue Jul  5 01:05:54 2016] [lidarDataProcessor]>>
[Tue Jul  5 01:05:54 2016] p : 0x75890b0, start : 0, len 8388608
[Tue Jul  5 01:05:54 2016] [lidarDataProcessor]<<
[Tue Jul  5 01:05:54 2016] [lidar_read_2368_data]<<
[Tue Jul  5 01:05:54 2016] [lidarDataProcessor]>>
[Tue Jul  5 01:05:54 2016] p : 0x8d890e0, start : 0, len 8388608
[Tue Jul  5 01:05:54 2016] [lidarDataProcessor]<<
[Tue Jul  5 01:05:54 2016] [lidar_read_2368_data]<<
[Tue Jul  5 01:05:54 2016] YES!!!!
[Tue Jul  5 01:05:54 2016] [lidar_read_2368_data]>>
[Tue Jul  5 01:05:54 2016] [lidarDataProcessor]>>
[Tue Jul  5 01:05:54 2016] [xsens_wrapper_test] GO
[Tue Jul  5 01:05:54 2016] YES!!!!
[Tue Jul  5 01:05:54 2016] [xsensDataProcessor]>>
[Tue Jul  5 01:05:54 2016] pData->year : 0
[Tue Jul  5 01:05:54 2016] [xsensDataProcessor]<<
[Tue Jul  5 01:05:54 2016] [readXsensData]<<
[Tue Jul  5 01:05:54 2016] p : 0x8d890e0, start : 0, len 8388608
[Tue Jul  5 01:05:54 2016] [xsens_wrapper_test] GO
[Tue Jul  5 01:05:54 2016] YES!!!!
[Tue Jul  5 01:05:54 2016] [xsensDataProcessor]>>
[Tue Jul  5 01:05:54 2016] pData->year : 0
[Tue Jul  5 01:05:54 2016] [xsensDataProcessor]<<
[Tue Jul  5 01:05:54 2016] [readXsensData]<<
[Tue Jul  5 01:05:54 2016] [xsensDataProcessor]>>
[Tue Jul  5 01:05:54 2016] pData->year : 0
[Tue Jul  5 01:05:54 2016] [xsensDataProcessor]<<
[Tue Jul  5 01:05:54 2016] [readXsensData]<<
[Tue Jul  5 01:05:54 2016] [lidar_read_2368_data]>>
[Tue Jul  5 01:05:54 2016] [lidarDataProcessor]>>
[Tue Jul  5 01:05:54 2016] [lidarDataProcessor]>>
[Tue Jul  5 01:05:54 2016] p : 0x75890b0, start : 0, len 8388608
[Tue Jul  5 01:05:54 2016] [lidarDataProcessor]<<
[Tue Jul  5 01:05:54 2016] [lidar_read_2368_data]<<
[Tue Jul  5 01:05:54 2016] [lidar_read_2368_data]<<
[Tue Jul  5 01:05:54 2016] [lidarDataProcessor]>>
[Tue Jul  5 01:05:54 2016] [lidarDataProcessor]<<
[Tue Jul  5 01:05:54 2016] p : 0x5d89080, start : 0, len 8388608
[Tue Jul  5 01:05:54 2016] [readXsensData]>>
[Tue Jul  5 01:05:54 2016] [lidarDataProcessor]<<
[Tue Jul  5 01:05:54 2016] [xsensDataProcessor]>>
[Tue Jul  5 01:05:54 2016] [lidar_read_2368_data]>>
[Tue Jul  5 01:05:54 2016] pData->year : 0
[Tue Jul  5 01:05:54 2016] [lidarDataProcessor]>>
[Tue Jul  5 01:05:54 2016] p : 0x5d89080, start : 0, len 8388608
[Tue Jul  5 01:05:54 2016] [lidarDataProcessor]<<
[Tue Jul  5 01:05:54 2016] [lidarDataProcessor]<<
[Tue Jul  5 01:05:54 2016] [lidarDataProcessor]>>
[Tue Jul  5 01:05:54 2016] [xsenThread] p : (nil)
[Tue Jul  5 01:05:54 2016] YES!!!!
[Tue Jul  5 01:05:54 2016] [readXsensData]>>
[Tue Jul  5 01:05:54 2016] [xsensDataProcessor]<<
[Tue Jul  5 01:05:54 2016] [readXsensData]<<
[Tue Jul  5 01:05:54 2016] [xsensDataProcessor]>>
[Tue Jul  5 01:05:54 2016] [lidarThread] p : (nil)
[Tue Jul  5 01:05:54 2016] [xsens_wrapper_test] GO
[Tue Jul  5 01:05:54 2016] [lidar_read_2368_data]>>
[Tue Jul  5 01:05:54 2016] [lidar_read_2368_data]>>
[Tue Jul  5 01:05:54 2016] [readXsensData]>>
[Tue Jul  5 01:05:54 2016] [lidarDataProcessor]>>
[Tue Jul  5 01:05:54 2016] p : 0x5d89080, start : 0, len 8388608
[Tue Jul  5 01:05:54 2016] [lidarDataProcessor]<<
[Tue Jul  5 01:05:54 2016] [xsensDataProcessor]<<
[Tue Jul  5 01:05:54 2016] [xsenThread] p : (nil)
[Tue Jul  5 01:05:54 2016] [lidarDataProcessor]<<
[Tue Jul  5 01:05:54 2016] [readXsensData]>>
[Tue Jul  5 01:05:54 2016] [xsens_wrapper_test] GO
[Tue Jul  5 01:05:54 2016] YES!!!!
[Tue Jul  5 01:05:54 2016] [lidarThread] p : (nil)
[Tue Jul  5 01:05:54 2016] YES!!!!
[Tue Jul  5 01:05:54 2016] [xsenThread] p : (nil)
[Tue Jul  5 01:05:54 2016] [lidar_read_2368_data]<<
[Tue Jul  5 01:05:54 2016] [readXsensData]>>
[Tue Jul  5 01:05:54 2016] [readXsensData]>>
[Tue Jul  5 01:05:54 2016] [readXsensData]>>
[Tue Jul  5 01:05:54 2016] [lidarDataProcessor]<<
[Tue Jul  5 01:05:54 2016] YES!!!!
[Tue Jul  5 01:05:54 2016] [lidar_read_2368_data]<<
[Tue Jul  5 01:05:54 2016] [xsenThread] p : (nil)
[Tue Jul  5 01:05:54 2016] [xsensDataProcessor]>>
[Tue Jul  5 01:05:54 2016] [lidar_read_2368_data]>>
[Tue Jul  5 01:05:54 2016] [readXsensData]>>
[Tue Jul  5 01:05:54 2016] [xsenThread] p : (nil)
[Tue Jul  5 01:05:54 2016] [readXsensData]>>
[Tue Jul  5 01:05:54 2016] [readXsensData]>>
[Tue Jul  5 01:05:54 2016] [lidar_read_2368_data]<<
[Tue Jul  5 01:05:54 2016] p : 0xa589110, start : 0, len 8388608
[Tue Jul  5 01:05:54 2016] [lidarDataProcessor]<<
[Tue Jul  5 01:05:54 2016] [lidar_read_2368_data]<<
[Tue Jul  5 01:05:54 2016] [lidarThread] p : (nil)
[Tue Jul  5 01:05:54 2016] [lidar_read_2368_data]>>
[Tue Jul  5 01:05:54 2016] [lidarDataProcessor]>>
[Tue Jul  5 01:05:54 2016] [xsens_wrapper_test] GO
[Tue Jul  5 01:05:54 2016] [xsens_wrapper_test] GO
[Tue Jul  5 01:05:54 2016] [xsensDataProcessor]>>
[Tue Jul  5 01:05:54 2016] YES!!!!
[Tue Jul  5 01:05:54 2016] [xsens_wrapper_test] GO
[Tue Jul  5 01:05:54 2016] [xsenThread] p : (nil)
[Tue Jul  5 01:05:54 2016] pData->year : 0
[Tue Jul  5 01:05:54 2016] [xsenThread] p : (nil)
[Tue Jul  5 01:05:54 2016] [readXsensData]>>
[Tue Jul  5 01:05:54 2016] [xsens_wrapper_test] GO
[Tue Jul  5 01:05:54 2016] [lidar_read_2368_data]>>
[Tue Jul  5 01:05:54 2016] [readXsensData]<<
[Tue Jul  5 01:05:54 2016] YES!!!!
[Tue Jul  5 01:05:54 2016] [lidarThread] p : (nil)
[Tue Jul  5 01:05:54 2016] [lidar_read_2368_data]>>
[Tue Jul  5 01:05:54 2016] [xsenThread] p : (nil)
[Tue Jul  5 01:05:54 2016] [lidar_read_2368_data]>>
[Tue Jul  5 01:05:54 2016] [xsensDataProcessor]<<
[Tue Jul  5 01:05:54 2016] [readXsensData]>>
[Tue Jul  5 01:05:54 2016] [lidarDataProcessor]<<
[Tue Jul  5 01:05:54 2016] [xsensDataProcessor]<<
[Tue Jul  5 01:05:54 2016] [lidar_read_2368_data]<<
[Tue Jul  5 01:05:54 2016] [readXsensData]<<
[Tue Jul  5 01:05:54 2016] [xsens_wrapper_test] GO
[Tue Jul  5 01:05:54 2016] YES!!!!
[Tue Jul  5 01:05:54 2016] [xsensDataProcessor]<<
[Tue Jul  5 01:05:54 2016] [lidarThread] p : (nil)
[Tue Jul  5 01:05:54 2016] [lidarDataProcessor]>>
[Tue Jul  5 01:05:54 2016] [lidar_read_2368_data]>>
[Tue Jul  5 01:05:54 2016] [lidarDataProcessor]>>
[Tue Jul  5 01:05:54 2016] p : 0xa589110, start : 0, len 8388608
[Tue Jul  5 01:05:54 2016] p : 0x6589090, start : 0, len 8388608
[Tue Jul  5 01:05:54 2016] [lidarDataProcessor]<<
[Tue Jul  5 01:05:54 2016] [lidarDataProcessor]>>
[Tue Jul  5 01:05:54 2016] [xsenThread] p : (nil)
[Tue Jul  5 01:05:54 2016] pData->year : 0
[Tue Jul  5 01:05:54 2016] [readXsensData]>>
[Tue Jul  5 01:05:54 2016] [xsens_wrapper_test] GO
[Tue Jul  5 01:05:54 2016] YES!!!!
[Tue Jul  5 01:05:54 2016] [xsensDataProcessor]>>
[Tue Jul  5 01:05:54 2016] pData->year : 0
[Tue Jul  5 01:05:54 2016] [xsensDataProcessor]<<
[Tue Jul  5 01:05:54 2016] [readXsensData]<<
[Tue Jul  5 01:05:54 2016] [lidar_read_2368_data]>>
[Tue Jul  5 01:05:54 2016] [lidarDataProcessor]>>
[Tue Jul  5 01:05:54 2016] p : 0xa589110, start : 0, len 8388608
[Tue Jul  5 01:05:54 2016] [lidarDataProcessor]<<
[Tue Jul  5 01:05:54 2016] [lidar_read_2368_data]<<
[Tue Jul  5 01:05:54 2016] pData->year : 0
[Tue Jul  5 01:05:54 2016] [lidarThread] p : (nil)
[Tue Jul  5 01:05:54 2016] [xsens_wrapper_test] GO
[Tue Jul  5 01:05:54 2016] [readXsensData]>>
[Tue Jul  5 01:05:54 2016] [lidar_read_2368_data]>>
[Tue Jul  5 01:05:54 2016] [lidarDataProcessor]>>
[Tue Jul  5 01:05:54 2016] p : 0xa589110, start : 0, len 8388608
[Tue Jul  5 01:05:54 2016] [lidarDataProcessor]<<
[Tue Jul  5 01:05:54 2016] [lidar_read_2368_data]<<
[Tue Jul  5 01:05:54 2016] [xsens_wrapper_test] GO
[Tue Jul  5 01:05:54 2016] [lidarThread] p : (nil)
[Tue Jul  5 01:05:54 2016] [lidar_read_2368_data]>>
[Tue Jul  5 01:05:54 2016] [lidarDataProcessor]>>
[Tue Jul  5 01:05:54 2016] p : 0xa589110, start : 0, len 8388608
[Tue Jul  5 01:05:54 2016] [lidarDataProcessor]<<
[Tue Jul  5 01:05:54 2016] [lidar_read_2368_data]<<
[Tue Jul  5 01:05:54 2016] [xsenThread] p : (nil)
[Tue Jul  5 01:05:54 2016] [readXsensData]>>
[Tue Jul  5 01:05:54 2016] YES!!!!
[Tue Jul  5 01:05:54 2016] [xsensDataProcessor]>>
[Tue Jul  5 01:05:54 2016] pData->year : 0
[Tue Jul  5 01:05:54 2016] [xsensDataProcessor]<<
[Tue Jul  5 01:05:54 2016] [readXsensData]<<
[Tue Jul  5 01:05:54 2016] [xsens_wrapper_test] GO
[Tue Jul  5 01:05:54 2016] YES!!!!
[Tue Jul  5 01:05:54 2016] [xsensDataProcessor]>>
[Tue Jul  5 01:05:54 2016] pData->year : 0
[Tue Jul  5 01:05:54 2016] [xsens_wrapper_test] GO
[Tue Jul  5 01:05:54 2016] [xsens_wrapper_test] GO
[Tue Jul  5 01:05:54 2016] [lidar_read_2368_data]<<
[Tue Jul  5 01:05:54 2016] [lidarThread] p : (nil)
[Tue Jul  5 01:05:54 2016] [xsensDataProcessor]>>
[Tue Jul  5 01:05:54 2016] [lidar_read_2368_data]>>
[Tue Jul  5 01:05:54 2016] [xsensDataProcessor]>>
[Tue Jul  5 01:05:54 2016] p : 0x5589070, start : 0, len 8388608
[Tue Jul  5 01:05:54 2016] [lidarThread] p : (nil)
[Tue Jul  5 01:05:54 2016] [xsensDataProcessor]>>
[Tue Jul  5 01:05:54 2016] [xsensDataProcessor]>>
[Tue Jul  5 01:05:54 2016] [lidarThread] p : (nil)
[Tue Jul  5 01:05:54 2016] pData->year : 0
[Tue Jul  5 01:05:54 2016] [xsensDataProcessor]<<
[Tue Jul  5 01:05:54 2016] [readXsensData]<<
[Tue Jul  5 01:05:54 2016] p : 0x25ebb80, start : 0, len 8388608
[Tue Jul  5 01:05:54 2016] [lidarDataProcessor]<<
[Tue Jul  5 01:05:54 2016] [lidar_read_2368_data]<<
[Tue Jul  5 01:05:54 2016] [lidarDataProcessor]<<
[Tue Jul  5 01:05:54 2016] [lidar_read_2368_data]<<
[Tue Jul  5 01:05:54 2016] pData->year : 0
[Tue Jul  5 01:05:54 2016] [xsensDataProcessor]<<
[Tue Jul  5 01:05:54 2016] [readXsensData]<<
[Tue Jul  5 01:05:54 2016] [xsenThread] p : (nil)
[Tue Jul  5 01:05:54 2016] [xsens_wrapper_test] GO
[Tue Jul  5 01:05:54 2016] [lidar_read_2368_data]>>
[Tue Jul  5 01:05:54 2016] [readXsensData]<<
[Tue Jul  5 01:05:54 2016] p : 0x95890f0, start : 0, len 8388608
[Tue Jul  5 01:05:54 2016] [lidarDataProcessor]<<
[Tue Jul  5 01:05:54 2016] [lidarDataProcessor]>>
[Tue Jul  5 01:05:54 2016] [lidarDataProcessor]>>
[Tue Jul  5 01:05:54 2016] [xsens_wrapper_test] GO
[Tue Jul  5 01:05:54 2016] [xsensDataProcessor]>>
[Tue Jul  5 01:05:54 2016] p : 0x4d89060, start : 0, len 8388608
[Tue Jul  5 01:05:54 2016] pData->year : 0
[Tue Jul  5 01:05:54 2016] [lidarThread] p : (nil)
[Tue Jul  5 01:05:54 2016] [xsensDataProcessor]<<
[Tue Jul  5 01:05:54 2016] YES!!!!
[Tue Jul  5 01:05:54 2016] [lidarThread] p : (nil)
[Tue Jul  5 01:05:54 2016] [xsenThread] p : (nil)
[Tue Jul  5 01:05:54 2016] [xsensDataProcessor]>>
[Tue Jul  5 01:05:54 2016] [lidar_read_2368_data]>>
[Tue Jul  5 01:05:54 2016] pData->year : 0
[Tue Jul  5 01:05:54 2016] [xsensDataProcessor]<<
[Tue Jul  5 01:05:54 2016] [readXsensData]<<
[Tue Jul  5 01:05:54 2016] [lidarDataProcessor]<<
[Tue Jul  5 01:05:54 2016] [xsensDataProcessor]>>
[Tue Jul  5 01:05:54 2016] [xsensDataProcessor]<<
[Tue Jul  5 01:05:54 2016] YES!!!!
[Tue Jul  5 01:05:54 2016] [readXsensData]<<
[Tue Jul  5 01:05:54 2016] [xsensDataProcessor]>>
[Tue Jul  5 01:05:54 2016] pData->year : 0
[Tue Jul  5 01:05:54 2016] [xsensDataProcessor]<<
[Tue Jul  5 01:05:54 2016] [readXsensData]<<
[Tue Jul  5 01:05:54 2016] [xsensDataProcessor]<<
[Tue Jul  5 01:05:54 2016] [readXsensData]<<
[Tue Jul  5 01:05:54 2016] YES!!!!
[Tue Jul  5 01:05:54 2016] [xsensDataProcessor]>>
[Tue Jul  5 01:05:54 2016] pData->year : 0
[Tue Jul  5 01:05:54 2016] [xsensDataProcessor]<<
[Tue Jul  5 01:05:54 2016] [readXsensData]<<
[Tue Jul  5 01:05:54 2016] pData->year : 0
[Tue Jul  5 01:05:54 2016] [xsensDataProcessor]<<
[Tue Jul  5 01:05:54 2016] [readXsensData]<<
[Tue Jul  5 01:05:54 2016] pData->year : 0
[Tue Jul  5 01:05:54 2016] [xsensDataProcessor]<<
[Tue Jul  5 01:05:54 2016] [readXsensData]<<
[Tue Jul  5 01:05:54 2016] [lidarDataProcessor]>>
[Tue Jul  5 01:05:54 2016] YES!!!!
[Tue Jul  5 01:05:54 2016] [readXsensData]>>
[Tue Jul  5 01:05:54 2016] [lidarDataProcessor]>>
[Tue Jul  5 01:05:54 2016] [xsens_wrapper_test] GO
[Tue Jul  5 01:05:54 2016] [xsensDataProcessor]<<
[Tue Jul  5 01:05:54 2016] YES!!!!
[Tue Jul  5 01:05:54 2016] [xsensDataProcessor]>>
[Tue Jul  5 01:05:54 2016] [xsensDataProcessor]>>
[Tue Jul  5 01:05:54 2016] pData->year : 0
[Tue Jul  5 01:05:54 2016] [xsensDataProcessor]<<
[Tue Jul  5 01:05:54 2016] [readXsensData]<<
[Tue Jul  5 01:05:54 2016] [lidar_read_2368_data]>>
[Tue Jul  5 01:05:54 2016] YES!!!!
[Tue Jul  5 01:05:54 2016] [lidar_read_2368_data]<<
[Tue Jul  5 01:05:54 2016] [xsensDataProcessor]>>
[Tue Jul  5 01:05:54 2016] pData->year : 0
[Tue Jul  5 01:05:54 2016] [xsensDataProcessor]<<
[Tue Jul  5 01:05:54 2016] [readXsensData]<<
[Tue Jul  5 01:05:54 2016] [lidarDataProcessor]>>
[Tue Jul  5 01:05:54 2016] [readXsensData]>>
[Tue Jul  5 01:05:54 2016] p : 0xa589110, start : 0, len 8388608
[Tue Jul  5 01:05:54 2016] [xsensDataProcessor]>>
[Tue Jul  5 01:05:54 2016] [xsens_wrapper_test] GO
[Tue Jul  5 01:05:54 2016] [lidar_read_2368_data]<<
[Tue Jul  5 01:05:54 2016] YES!!!!
[Tue Jul  5 01:05:54 2016] YES!!!!
[Tue Jul  5 01:05:54 2016] [xsensDataProcessor]>>
[Tue Jul  5 01:05:54 2016] [lidar_read_2368_data]>>
[Tue Jul  5 01:05:54 2016] [lidarDataProcessor]>>
[Tue Jul  5 01:05:54 2016] [lidarDataProcessor]>>
[Tue Jul  5 01:05:54 2016] YES!!!!
[Tue Jul  5 01:05:54 2016] p : 0x75890b0, start : 0, len 8388608
[Tue Jul  5 01:05:54 2016] [lidarDataProcessor]>>
[Tue Jul  5 01:05:54 2016] [lidar_read_2368_data]<<
[Tue Jul  5 01:05:54 2016] p : 0xad89120, start : 0, len 8388608
[Tue Jul  5 01:05:54 2016] p : 0x25e7b60, start : 0, len 8388608
[Tue Jul  5 01:05:54 2016] [lidar_read_2368_data]<<
[Tue Jul  5 01:05:54 2016] [lidarThread] p : (nil)
[Tue Jul  5 01:05:54 2016] [lidarDataProcessor]<<
[Tue Jul  5 01:05:54 2016] [lidar_read_2368_data]<<
[Tue Jul  5 01:05:54 2016] pData->year : 0
[Tue Jul  5 01:05:54 2016] [xsensDataProcessor]<<
[Tue Jul  5 01:05:54 2016] [readXsensData]<<
[Tue Jul  5 01:05:54 2016] [xsens_wrapper_test] GO
[Tue Jul  5 01:05:54 2016] YES!!!!
[Tue Jul  5 01:05:54 2016] [xsensDataProcessor]>>
[Tue Jul  5 01:05:54 2016] [xsensDataProcessor]>>
[Tue Jul  5 01:05:54 2016] pData->year : 0
[Tue Jul  5 01:05:54 2016] [xsensDataProcessor]<<
[Tue Jul  5 01:05:54 2016] [readXsensData]<<
[Tue Jul  5 01:05:54 2016] [lidarDataProcessor]>>
[Tue Jul  5 01:05:54 2016] p : 0x9d89100, start : 0, len 8388608
[Tue Jul  5 01:05:54 2016] [lidarDataProcessor]<<
[Tue Jul  5 01:05:54 2016] [lidar_read_2368_data]<<
[Tue Jul  5 01:05:54 2016] p : 0x6d890a0, start : 0, len 8388608
[Tue Jul  5 01:05:54 2016] [lidarDataProcessor]<<
[Tue Jul  5 01:05:54 2016] [lidar_read_2368_data]<<
[Tue Jul  5 01:05:54 2016] [lidarDataProcessor]<<
[Tue Jul  5 01:05:54 2016] [lidar_read_2368_data]<<
[Tue Jul  5 01:05:54 2016] [lidarDataProcessor]<<
[Tue Jul  5 01:05:54 2016] p : 0x7d890c0, start : 0, len 8388608
[Tue Jul  5 01:05:54 2016] [lidar_read_2368_data]<<
[Tue Jul  5 01:05:54 2016] [lidarDataProcessor]<<
[Tue Jul  5 01:05:54 2016] YES!!!!
[Tue Jul  5 01:05:54 2016] [lidar_read_2368_data]<<
[Tue Jul  5 01:05:54 2016] pData->year : 0
[Tue Jul  5 01:05:54 2016] pData->year : 0
[Tue Jul  5 01:05:54 2016] p : 0x85890d0, start : 0, len 8388608
[Tue Jul  5 01:05:54 2016] [lidarDataProcessor]<<
[Tue Jul  5 01:05:54 2016] [xsensDataProcessor]<<
[Tue Jul  5 01:05:54 2016] [lidar_read_2368_data]<<
[Tue Jul  5 01:05:54 2016] [lidarDataProcessor]>>
[Tue Jul  5 01:05:54 2016] p : 0x5d89080, start : 0, len 8388608
[Tue Jul  5 01:05:54 2016] [lidarDataProcessor]<<
[Tue Jul  5 01:05:54 2016] [lidar_read_2368_data]<<
[Tue Jul  5 01:05:54 2016] [xsensDataProcessor]>>
[Tue Jul  5 01:05:54 2016] [xsens_wrapper_test] GO
[Tue Jul  5 01:05:54 2016] pData->year : 0
[Tue Jul  5 01:05:54 2016] [xsensDataProcessor]<<
[Tue Jul  5 01:05:54 2016] YES!!!!
[Tue Jul  5 01:05:54 2016] pData->year : 0
[Tue Jul  5 01:05:54 2016] [xsensDataProcessor]>>
[Tue Jul  5 01:05:54 2016] pData->year : 0
[Tue Jul  5 01:05:54 2016] [xsensDataProcessor]<<
[Tue Jul  5 01:05:54 2016] [readXsensData]<<
[Tue Jul  5 01:05:54 2016] [xsens_wrapper_test] GO
[Tue Jul  5 01:05:54 2016] [lidar_read_2368_data]<<
[Tue Jul  5 01:05:54 2016] [lidarDataProcessor]<<
[Tue Jul  5 01:05:54 2016] [xsenThread] p : (nil)
[Tue Jul  5 01:05:54 2016] [lidar_read_2368_data]<<
[Tue Jul  5 01:05:54 2016] p : 0x8d890e0, start : 0, len 8388608
[Tue Jul  5 01:05:54 2016] [xsensDataProcessor]>>
[Tue Jul  5 01:05:54 2016] [xsensDataProcessor]>>
[Tue Jul  5 01:05:54 2016] pData->year : 0
[Tue Jul  5 01:05:54 2016] [xsens_wrapper_test] GO
[Tue Jul  5 01:05:54 2016] [lidarDataProcessor]<<
[Tue Jul  5 01:05:54 2016] [lidarDataProcessor]>>
[Tue Jul  5 01:05:54 2016] [readXsensData]<<
[Tue Jul  5 01:05:54 2016] pData->year : 0
[Tue Jul  5 01:05:54 2016] p : 0x2debb90, start : 0, len 8388608
[Tue Jul  5 01:05:54 2016] [lidarDataProcessor]<<
[Tue Jul  5 01:05:54 2016] [xsensDataProcessor]<<
[Tue Jul  5 01:05:54 2016] [lidar_read_2368_data]>>
[Tue Jul  5 01:05:54 2016] [readXsensData]<<
[Tue Jul  5 01:05:54 2016] [readXsensData]<<
[Tue Jul  5 01:05:54 2016] [lidarDataProcessor]>>
[Tue Jul  5 01:05:54 2016] [xsensDataProcessor]<<
[Tue Jul  5 01:05:54 2016] [readXsensData]<<
[Tue Jul  5 01:05:54 2016] p : 0x5589070, start : 0, len 8388608
[Tue Jul  5 01:05:54 2016] pData->year : 0
[Tue Jul  5 01:05:54 2016] [lidarDataProcessor]<<
[Tue Jul  5 01:05:54 2016] [lidarDataProcessor]<<
[Tue Jul  5 01:05:54 2016] [lidarDataProcessor]<<
[Tue Jul  5 01:05:54 2016] [lidar_read_2368_data]<<
[Tue Jul  5 01:05:54 2016] [lidar_read_2368_data]>>
[Tue Jul  5 01:05:54 2016] [lidarDataProcessor]>>
[Tue Jul  5 01:05:54 2016] p : 0x25e7b60, start : 0, len 8388608
[Tue Jul  5 01:05:54 2016] [lidarDataProcessor]<<
[Tue Jul  5 01:05:54 2016] pData->year : 0
[Tue Jul  5 01:05:54 2016] [xsensDataProcessor]<<
[Tue Jul  5 01:05:54 2016] [readXsensData]<<
[Tue Jul  5 01:05:54 2016] p : 0xb589130, start : 0, len 8388608
[Tue Jul  5 01:05:54 2016] [lidar_read_2368_data]<<
[Tue Jul  5 01:05:54 2016] p : 0x3d89040, start : 0, len 8388608
[Tue Jul  5 01:05:54 2016] [lidarDataProcessor]<<
[Tue Jul  5 01:05:54 2016] [lidar_read_2368_data]<<
[Tue Jul  5 01:05:54 2016] p : 0x6589090, start : 0, len 8388608
[Tue Jul  5 01:05:54 2016] YES!!!!
[Tue Jul  5 01:05:54 2016] [xsensDataProcessor]>>
[Tue Jul  5 01:05:54 2016] [lidar_read_2368_data]>>
[Tue Jul  5 01:05:54 2016] [readXsensData]<<
[Tue Jul  5 01:05:54 2016] [readXsensData]<<
[Tue Jul  5 01:05:54 2016] [xsensDataProcessor]<<
[Tue Jul  5 01:05:54 2016] [lidarDataProcessor]>>
[Tue Jul  5 01:05:54 2016] [readXsensData]<<
[Tue Jul  5 01:05:54 2016] [lidarDataProcessor]<<
[Tue Jul  5 01:05:54 2016] [xsensDataProcessor]>>
[Tue Jul  5 01:05:54 2016] pData->year : 0
[Tue Jul  5 01:05:54 2016] [xsensDataProcessor]<<
[Tue Jul  5 01:05:54 2016] [readXsensData]<<
[Tue Jul  5 01:05:54 2016] [readXsensData]<<
[Tue Jul  5 01:05:54 2016] [xsensDataProcessor]<<
[Tue Jul  5 01:05:54 2016] [lidarDataProcessor]<<
[Tue Jul  5 01:05:54 2016] [readXsensData]<<
[Tue Jul  5 01:05:54 2016] [lidar_read_2368_data]<<
[Tue Jul  5 01:05:54 2016] [lidar_read_2368_data]<<
[Tue Jul  5 01:05:54 2016] [xsens_wrapper_test] GO
[Tue Jul  5 01:05:54 2016] [lidar_read_2368_data]<<
[Tue Jul  5 01:05:54 2016] [lidar_read_2368_data]<<
[Tue Jul  5 01:05:54 2016] pData->year : 0
[Tue Jul  5 01:05:54 2016] [xsensDataProcessor]<<
[Tue Jul  5 01:05:54 2016] [readXsensData]<<
[Tue Jul  5 01:05:54 2016] [lidar_read_2368_data]<<
[Tue Jul  5 01:05:54 2016] pData->year : 0
[Tue Jul  5 01:05:54 2016] [xsensDataProcessor]<<
[Tue Jul  5 01:05:54 2016] [lidar_read_2368_data]<<
[Tue Jul  5 01:05:54 2016] [readXsensData]>>
[Tue Jul  5 01:05:54 2016] [readXsensData]>>
[Tue Jul  5 01:05:54 2016] [lidarDataProcessor]>>
[Tue Jul  5 01:05:54 2016] p : 0x2de9b80, start : 0, len 8388608
[Tue Jul  5 01:05:54 2016] [lidarDataProcessor]<<
[Tue Jul  5 01:05:54 2016] [lidarDataProcessor]>>
[Tue Jul  5 01:05:54 2016] [lidar_read_2368_data]<<
[Tue Jul  5 01:05:54 2016] [xsensDataProcessor]<<
[Tue Jul  5 01:05:54 2016] [readXsensData]<<
[Tue Jul  5 01:05:54 2016] [xsens_wrapper_test] GO
[Tue Jul  5 01:05:54 2016] YES!!!!
[Tue Jul  5 01:05:54 2016] [xsensDataProcessor]>>
[Tue Jul  5 01:05:54 2016] pData->year : 0
[Tue Jul  5 01:05:54 2016] [xsensDataProcessor]<<
[Tue Jul  5 01:05:54 2016] [readXsensData]<<
[Tue Jul  5 01:05:54 2016] [readXsensData]<<
[Tue Jul  5 01:05:54 2016] p : 0x25e7b60, start : 0, len 8388608
[Tue Jul  5 01:05:54 2016] YES!!!!
[Tue Jul  5 01:05:54 2016] YES!!!!
[Tue Jul  5 01:05:54 2016] [xsensDataProcessor]>>
[Tue Jul  5 01:05:54 2016] pData->year : 0
[Tue Jul  5 01:05:54 2016] [xsensDataProcessor]<<
[Tue Jul  5 01:05:54 2016] [readXsensData]<<
[Tue Jul  5 01:05:54 2016] [xsensDataProcessor]>>
[Tue Jul  5 01:05:54 2016] [lidar_read_2368_data]<<
[Tue Jul  5 01:05:54 2016] pData->year : 0
[Tue Jul  5 01:05:54 2016] [xsensDataProcessor]<<
[Tue Jul  5 01:05:54 2016] [readXsensData]<<
[Tue Jul  5 01:05:54 2016] p : 0x1d68ee0, start : 0, len 8388608
[Tue Jul  5 01:05:54 2016] [xsens_wrapper_test] GO
[Tue Jul  5 01:05:54 2016] [lidarDataProcessor]<<
[Tue Jul  5 01:05:54 2016] YES!!!!
[Tue Jul  5 01:05:54 2016] [lidarDataProcessor]<<
[Tue Jul  5 01:05:54 2016] [xsensDataProcessor]>>
[Tue Jul  5 01:05:54 2016] [lidar_read_2368_data]<<
[Tue Jul  5 01:05:54 2016] [lidar_read_2368_data]<<
[Tue Jul  5 01:05:54 2016] pData->year : 0
[Tue Jul  5 01:05:54 2016] [xsensDataProcessor]<<
[Tue Jul  5 01:05:54 2016] [readXsensData]<<
[Tue Jul  5 01:05:54 2016] [START]<<
